  ArrayBuffer.cpp
C:\Programming\Projects\BlazeEngine\BlazeEngine\engine\include\BlazeEngine\Graphics\ShaderProgram.h(49,30): warning C4251: 'Blaze::UniformBlock::members': class 'std::vector<Blaze::UniformBlock::Member,std::allocator<Blaze::UniformBlock::Member>>' needs to have dll-interface to be used by clients of struct 'Blaze::UniformBlock'
C:\Programming\Projects\BlazeEngine\BlazeEngine\engine\include\BlazeEngine\Graphics\ShaderProgram.h(49): message : see declaration of 'std::vector<Blaze::UniformBlock::Member,std::allocator<Blaze::UniformBlock::Member>>'
C:\Programming\Projects\BlazeEngine\BlazeEngine\engine\include\BlazeEngine\Graphics\ShaderProgram.h(66,32): warning C4251: 'Blaze::ShaderProgram::uniforms': class 'std::vector<Blaze::Uniform,std::allocator<Blaze::Uniform>>' needs to have dll-interface to be used by clients of class 'Blaze::ShaderProgram'
C:\Programming\Projects\BlazeEngine\BlazeEngine\engine\include\BlazeEngine\Graphics\ShaderProgram.h(66): message : see declaration of 'std::vector<Blaze::Uniform,std::allocator<Blaze::Uniform>>'
C:\Programming\Projects\BlazeEngine\BlazeEngine\engine\include\BlazeEngine\Graphics\VertexLayout.h(11,27): warning C4251: 'Blaze::VertexLayout::layout': class 'std::vector<Blaze::Type,std::allocator<Blaze::Type>>' needs to have dll-interface to be used by clients of class 'Blaze::VertexLayout'
C:\Programming\Projects\BlazeEngine\BlazeEngine\engine\include\BlazeEngine\Graphics\VertexLayout.h(11): message : see declaration of 'std::vector<Blaze::Type,std::allocator<Blaze::Type>>'
     Creating library C:\Programming\Projects\BlazeEngine\BlazeEngine\build\bin\Debug\x64\BlazeEngine.lib and object C:\Programming\Projects\BlazeEngine\BlazeEngine\build\bin\Debug\x64\BlazeEngine.exp
LINK : warning LNK4098: defaultlib 'LIBCMT' conflicts with use of other libs; use /NODEFAULTLIB:library
glew32s.lib(glew.obj) : warning LNK4099: PDB 'vc120.pdb' was not found with 'glew32s.lib(glew.obj)' or at 'C:\Programming\Projects\BlazeEngine\BlazeEngine\build\bin\Debug\x64\vc120.pdb'; linking object as if no debug info
freetype.lib(autofit.obj) : warning LNK4099: PDB 'freetype.pdb' was not found with 'freetype.lib(autofit.obj)' or at 'C:\Programming\Projects\BlazeEngine\BlazeEngine\build\bin\Debug\x64\freetype.pdb'; linking object as if no debug info
freetype.lib(ftbase.obj) : warning LNK4099: PDB 'freetype.pdb' was not found with 'freetype.lib(ftbase.obj)' or at 'C:\Programming\Projects\BlazeEngine\BlazeEngine\build\bin\Debug\x64\freetype.pdb'; linking object as if no debug info
freetype.lib(ftbitmap.obj) : warning LNK4099: PDB 'freetype.pdb' was not found with 'freetype.lib(ftbitmap.obj)' or at 'C:\Programming\Projects\BlazeEngine\BlazeEngine\build\bin\Debug\x64\freetype.pdb'; linking object as if no debug info
freetype.lib(ftinit.obj) : warning LNK4099: PDB 'freetype.pdb' was not found with 'freetype.lib(ftinit.obj)' or at 'C:\Programming\Projects\BlazeEngine\BlazeEngine\build\bin\Debug\x64\freetype.pdb'; linking object as if no debug info
freetype.lib(ftsystem.obj) : warning LNK4099: PDB 'freetype.pdb' was not found with 'freetype.lib(ftsystem.obj)' or at 'C:\Programming\Projects\BlazeEngine\BlazeEngine\build\bin\Debug\x64\freetype.pdb'; linking object as if no debug info
freetype.lib(bdf.obj) : warning LNK4099: PDB '' was not found with 'freetype.lib(bdf.obj)' or at ''; linking object as if no debug info
freetype.lib(cff.obj) : warning LNK4099: PDB 'freetype.pdb' was not found with 'freetype.lib(cff.obj)' or at 'C:\Programming\Projects\BlazeEngine\BlazeEngine\build\bin\Debug\x64\freetype.pdb'; linking object as if no debug info
freetype.lib(type1cid.obj) : warning LNK4099: PDB 'freetype.pdb' was not found with 'freetype.lib(type1cid.obj)' or at 'C:\Programming\Projects\BlazeEngine\BlazeEngine\build\bin\Debug\x64\freetype.pdb'; linking object as if no debug info
freetype.lib(ftgzip.obj) : warning LNK4099: PDB '' was not found with 'freetype.lib(ftgzip.obj)' or at ''; linking object as if no debug info
freetype.lib(ftlzw.obj) : warning LNK4099: PDB 'freetype.pdb' was not found with 'freetype.lib(ftlzw.obj)' or at 'C:\Programming\Projects\BlazeEngine\BlazeEngine\build\bin\Debug\x64\freetype.pdb'; linking object as if no debug info
freetype.lib(pcf.obj) : warning LNK4099: PDB 'freetype.pdb' was not found with 'freetype.lib(pcf.obj)' or at 'C:\Programming\Projects\BlazeEngine\BlazeEngine\build\bin\Debug\x64\freetype.pdb'; linking object as if no debug info
freetype.lib(pfr.obj) : warning LNK4099: PDB 'freetype.pdb' was not found with 'freetype.lib(pfr.obj)' or at 'C:\Programming\Projects\BlazeEngine\BlazeEngine\build\bin\Debug\x64\freetype.pdb'; linking object as if no debug info
freetype.lib(psaux.obj) : warning LNK4099: PDB 'freetype.pdb' was not found with 'freetype.lib(psaux.obj)' or at 'C:\Programming\Projects\BlazeEngine\BlazeEngine\build\bin\Debug\x64\freetype.pdb'; linking object as if no debug info
freetype.lib(pshinter.obj) : warning LNK4099: PDB 'freetype.pdb' was not found with 'freetype.lib(pshinter.obj)' or at 'C:\Programming\Projects\BlazeEngine\BlazeEngine\build\bin\Debug\x64\freetype.pdb'; linking object as if no debug info
freetype.lib(psmodule.obj) : warning LNK4099: PDB 'freetype.pdb' was not found with 'freetype.lib(psmodule.obj)' or at 'C:\Programming\Projects\BlazeEngine\BlazeEngine\build\bin\Debug\x64\freetype.pdb'; linking object as if no debug info
freetype.lib(raster.obj) : warning LNK4099: PDB 'freetype.pdb' was not found with 'freetype.lib(raster.obj)' or at 'C:\Programming\Projects\BlazeEngine\BlazeEngine\build\bin\Debug\x64\freetype.pdb'; linking object as if no debug info
freetype.lib(sfnt.obj) : warning LNK4099: PDB 'freetype.pdb' was not found with 'freetype.lib(sfnt.obj)' or at 'C:\Programming\Projects\BlazeEngine\BlazeEngine\build\bin\Debug\x64\freetype.pdb'; linking object as if no debug info
freetype.lib(smooth.obj) : warning LNK4099: PDB 'freetype.pdb' was not found with 'freetype.lib(smooth.obj)' or at 'C:\Programming\Projects\BlazeEngine\BlazeEngine\build\bin\Debug\x64\freetype.pdb'; linking object as if no debug info
freetype.lib(truetype.obj) : warning LNK4099: PDB 'freetype.pdb' was not found with 'freetype.lib(truetype.obj)' or at 'C:\Programming\Projects\BlazeEngine\BlazeEngine\build\bin\Debug\x64\freetype.pdb'; linking object as if no debug info
freetype.lib(type1.obj) : warning LNK4099: PDB 'freetype.pdb' was not found with 'freetype.lib(type1.obj)' or at 'C:\Programming\Projects\BlazeEngine\BlazeEngine\build\bin\Debug\x64\freetype.pdb'; linking object as if no debug info
freetype.lib(type42.obj) : warning LNK4099: PDB '' was not found with 'freetype.lib(type42.obj)' or at ''; linking object as if no debug info
freetype.lib(winfnt.obj) : warning LNK4099: PDB 'freetype.pdb' was not found with 'freetype.lib(winfnt.obj)' or at 'C:\Programming\Projects\BlazeEngine\BlazeEngine\build\bin\Debug\x64\freetype.pdb'; linking object as if no debug info
freetype.lib(ftdebug.obj) : warning LNK4099: PDB 'freetype.pdb' was not found with 'freetype.lib(ftdebug.obj)' or at 'C:\Programming\Projects\BlazeEngine\BlazeEngine\build\bin\Debug\x64\freetype.pdb'; linking object as if no debug info
  BlazeEngine.vcxproj -> C:\Programming\Projects\BlazeEngine\BlazeEngine\build\bin\Debug\x64\BlazeEngine.dll
  C:\Programming\Projects\BlazeEngine\Libraries\SDL\SDL2-2.0.10\lib\x64\SDL2.dll
  1 File(s) copied
  C:\Programming\Projects\BlazeEngine\Libraries\DevIL\lib\x64\DevIL.dll
  1 File(s) copied
  C:\Programming\Projects\BlazeEngine\Libraries\DevIL\lib\x64\ILU.dll
  1 File(s) copied
