c:\programming\projects\blazeengine\blazeengine\build\bin\debug\x86\blazeengine.lib
c:\programming\projects\blazeengine\blazeengine\build\bin\debug\x86\blazeengine.exp
c:\programming\projects\blazeengine\blazeengine\build\temp\engine.obj
c:\programming\projects\blazeengine\blazeengine\build\temp\texture.obj
c:\programming\projects\blazeengine\blazeengine\build\temp\shaderprogram.obj
c:\programming\projects\blazeengine\blazeengine\build\temp\loglist.obj
c:\programming\projects\blazeengine\blazeengine\build\temp\textrenderer.obj
c:\programming\projects\blazeengine\blazeengine\build\temp\random.obj
c:\programming\projects\blazeengine\blazeengine\build\temp\timer.obj
c:\programming\projects\blazeengine\blazeengine\build\temp\logger.obj
c:\programming\projects\blazeengine\blazeengine\build\temp\buffer.obj
c:\programming\projects\blazeengine\blazeengine\build\temp\vertexlayout.obj
c:\programming\projects\blazeengine\blazeengine\build\temp\types.obj
c:\programming\projects\blazeengine\blazeengine\build\temp\renderer.obj
c:\programming\projects\blazeengine\blazeengine\build\temp\mesh.obj
c:\programming\projects\blazeengine\blazeengine\build\temp\input.obj
c:\programming\projects\blazeengine\blazeengine\build\temp\application.obj
c:\programming\projects\blazeengine\blazeengine\build\temp\window.obj
c:\programming\projects\blazeengine\blazeengine\build\temp\enginecore.obj
c:\programming\projects\blazeengine\blazeengine\build\temp\stringstream.obj
c:\programming\projects\blazeengine\blazeengine\build\temp\console.obj
c:\programming\projects\blazeengine\blazeengine\build\temp\file.obj
c:\programming\projects\blazeengine\blazeengine\build\temp\time.obj
c:\programming\projects\blazeengine\blazeengine\build\temp\frame.obj
c:\programming\projects\blazeengine\blazeengine\build\temp\material.obj
c:\programming\projects\blazeengine\blazeengine\build\temp\stringview.obj
c:\programming\projects\blazeengine\blazeengine\build\temp\shader.obj
c:\programming\projects\blazeengine\blazeengine\build\temp\bytestream.obj
c:\programming\projects\blazeengine\blazeengine\build\temp\bitmap.obj
c:\programming\projects\blazeengine\blazeengine\build\temp\key.obj
c:\programming\projects\blazeengine\blazeengine\build\temp\string.obj
c:\programming\projects\blazeengine\blazeengine\build\temp\vc142.pdb
c:\programming\projects\blazeengine\blazeengine\build\bin\debug\x86\blazeengine.ilk
c:\programming\projects\blazeengine\blazeengine\build\bin\debug\x86\blazeengine.dll
c:\programming\projects\blazeengine\blazeengine\build\bin\debug\x86\blazeengine.pdb
c:\programming\projects\blazeengine\blazeengine\build\temp\vc142.idb
c:\programming\projects\blazeengine\blazeengine\build\temp\blazeengine.tlog\blazeengine.write.1u.tlog
c:\programming\projects\blazeengine\blazeengine\build\temp\blazeengine.tlog\cl.11132.write.1.tlog
c:\programming\projects\blazeengine\blazeengine\build\temp\blazeengine.tlog\cl.command.1.tlog
c:\programming\projects\blazeengine\blazeengine\build\temp\blazeengine.tlog\cl.read.1.tlog
c:\programming\projects\blazeengine\blazeengine\build\temp\blazeengine.tlog\link.command.1.tlog
c:\programming\projects\blazeengine\blazeengine\build\temp\blazeengine.tlog\link.read.1.tlog
c:\programming\projects\blazeengine\blazeengine\build\temp\blazeengine.tlog\link.write.1.tlog
