C:\Program Files (x86)\Microsoft Visual Studio\2019\Community\MSBuild\Microsoft\VC\v160\Microsoft.CppBuild.targets(504,5): warning MSB8004: Intermediate Directory does not end with a trailing slash.  This build instance will add the slash as it is required to allow proper evaluation of the Intermediate Directory.
  Source.cpp
C:\Programming\Projects\BlazeEngine\BlazeEngine\engine\include\BlazeEngine\Core\Window.h(25,23): warning C4251: 'Blaze::Window::lockedMousePos': struct 'Blaze::Vector<int,2>' needs to have dll-interface to be used by clients of class 'Blaze::Window'
C:\Programming\Projects\BlazeEngine\BlazeEngine\engine\include\BlazeEngine\DataStructures\Vector.h(179): message : see declaration of 'Blaze::Vector<int,2>'
C:\Programming\Projects\BlazeEngine\BlazeEngine\engine\include\BlazeEngine\Graphics\Bitmap.h(23,13): warning C4251: 'Blaze::Bitmap::size': struct 'Blaze::Vector<int,2>' needs to have dll-interface to be used by clients of class 'Blaze::Bitmap'
C:\Programming\Projects\BlazeEngine\BlazeEngine\engine\include\BlazeEngine\DataStructures\Vector.h(179): message : see declaration of 'Blaze::Vector<int,2>'
C:\Programming\Projects\BlazeEngine\BlazeEngine\engine\include\BlazeEngine\Graphics\Texture.h(85,13): warning C4251: 'Blaze::Texture2D::size': struct 'Blaze::Vector<int,2>' needs to have dll-interface to be used by clients of class 'Blaze::Texture2D'
C:\Programming\Projects\BlazeEngine\BlazeEngine\engine\include\BlazeEngine\DataStructures\Vector.h(179): message : see declaration of 'Blaze::Vector<int,2>'
C:\Programming\Projects\BlazeEngine\BlazeEngine\engine\include\BlazeEngine\Graphics\Texture.h(146,13): warning C4251: 'Blaze::TextureArray2D::size': struct 'Blaze::Vector<int,3>' needs to have dll-interface to be used by clients of class 'Blaze::TextureArray2D'
C:\Programming\Projects\BlazeEngine\BlazeEngine\engine\include\BlazeEngine\DataStructures\Vector.h(260): message : see declaration of 'Blaze::Vector<int,3>'
C:\Programming\Projects\BlazeEngine\BlazeEngine\engine\include\BlazeEngine\Utilities\Timer.h(9,51): warning C4251: 'Blaze::Timer::timerStart': class 'std::chrono::time_point<std::chrono::steady_clock,std::chrono::nanoseconds>' needs to have dll-interface to be used by clients of class 'Blaze::Timer'
C:\Program Files (x86)\Microsoft Visual Studio\2019\Community\VC\Tools\MSVC\14.28.29910\include\chrono(602): message : see declaration of 'std::chrono::time_point<std::chrono::steady_clock,std::chrono::nanoseconds>'
C:\Programming\Projects\BlazeEngine\BlazeEngine\engine\include\BlazeEngine\DataStructures\ByteStream.h(12,26): warning C4251: 'Blaze::ByteStream::data': class 'std::vector<Blaze::uint8,std::allocator<Blaze::uint8>>' needs to have dll-interface to be used by clients of class 'Blaze::ByteStream'
C:\Programming\Projects\BlazeEngine\BlazeEngine\engine\include\BlazeEngine\DataStructures\ByteStream.h(12): message : see declaration of 'std::vector<Blaze::uint8,std::allocator<Blaze::uint8>>'
C:\Programming\Projects\BlazeEngine\BlazeEngine\engine\include\BlazeEngine\DataStructures\Transform2D.h(25,12): warning C4251: 'Blaze::Transform2D::pos': struct 'Blaze::Vector<float,2>' needs to have dll-interface to be used by clients of class 'Blaze::Transform2D'
C:\Programming\Projects\BlazeEngine\BlazeEngine\engine\include\BlazeEngine\DataStructures\Vector.h(179): message : see declaration of 'Blaze::Vector<float,2>'
C:\Programming\Projects\BlazeEngine\BlazeEngine\engine\include\BlazeEngine\DataStructures\Transform2D.h(27,13): warning C4251: 'Blaze::Transform2D::size': struct 'Blaze::Vector<float,2>' needs to have dll-interface to be used by clients of class 'Blaze::Transform2D'
C:\Programming\Projects\BlazeEngine\BlazeEngine\engine\include\BlazeEngine\DataStructures\Vector.h(179): message : see declaration of 'Blaze::Vector<float,2>'
C:\Programming\Projects\BlazeEngine\BlazeEngine\engine\include\BlazeEngine\DataStructures\Transform2D.h(28,12): warning C4251: 'Blaze::Transform2D::mat': struct 'Blaze::Matrix<float,4,4>' needs to have dll-interface to be used by clients of class 'Blaze::Transform2D'
C:\Programming\Projects\BlazeEngine\BlazeEngine\engine\include\BlazeEngine\DataStructures\Matrix.h(211): message : see declaration of 'Blaze::Matrix<float,4,4>'
C:\Programming\Projects\BlazeEngine\BlazeEngine\engine\include\BlazeEngine\DataStructures\Transform2D.h(30,20): warning C4251: 'Blaze::Transform2D::absolutePos': struct 'Blaze::Vector<float,2>' needs to have dll-interface to be used by clients of class 'Blaze::Transform2D'
C:\Programming\Projects\BlazeEngine\BlazeEngine\engine\include\BlazeEngine\DataStructures\Vector.h(179): message : see declaration of 'Blaze::Vector<float,2>'
C:\Programming\Projects\BlazeEngine\BlazeEngine\engine\include\BlazeEngine\DataStructures\Transform3D.h(12,12): warning C4251: 'Blaze::Transform3D::pos': struct 'Blaze::Vector<float,3>' needs to have dll-interface to be used by clients of class 'Blaze::Transform3D'
C:\Programming\Projects\BlazeEngine\BlazeEngine\engine\include\BlazeEngine\DataStructures\Vector.h(260): message : see declaration of 'Blaze::Vector<float,3>'
C:\Programming\Projects\BlazeEngine\BlazeEngine\engine\include\BlazeEngine\DataStructures\Transform3D.h(13,12): warning C4251: 'Blaze::Transform3D::rot': struct 'Blaze::Quat<float>' needs to have dll-interface to be used by clients of class 'Blaze::Transform3D'
C:\Programming\Projects\BlazeEngine\BlazeEngine\engine\include\BlazeEngine\DataStructures\Quaternion.h(84): message : see declaration of 'Blaze::Quat<float>'
C:\Programming\Projects\BlazeEngine\BlazeEngine\engine\include\BlazeEngine\DataStructures\Transform3D.h(14,14): warning C4251: 'Blaze::Transform3D::scale': struct 'Blaze::Vector<float,3>' needs to have dll-interface to be used by clients of class 'Blaze::Transform3D'
C:\Programming\Projects\BlazeEngine\BlazeEngine\engine\include\BlazeEngine\DataStructures\Vector.h(260): message : see declaration of 'Blaze::Vector<float,3>'
C:\Programming\Projects\BlazeEngine\BlazeEngine\engine\include\BlazeEngine\DataStructures\Transform3D.h(15,12): warning C4251: 'Blaze::Transform3D::mat': struct 'Blaze::Matrix<float,4,4>' needs to have dll-interface to be used by clients of class 'Blaze::Transform3D'
C:\Programming\Projects\BlazeEngine\BlazeEngine\engine\include\BlazeEngine\DataStructures\Matrix.h(211): message : see declaration of 'Blaze::Matrix<float,4,4>'
C:\Programming\Projects\BlazeEngine\BlazeEngine\engine\include\BlazeEngine\DataStructures\Transform3D.h(17,20): warning C4251: 'Blaze::Transform3D::absolutePos': struct 'Blaze::Vector<float,3>' needs to have dll-interface to be used by clients of class 'Blaze::Transform3D'
C:\Programming\Projects\BlazeEngine\BlazeEngine\engine\include\BlazeEngine\DataStructures\Vector.h(260): message : see declaration of 'Blaze::Vector<float,3>'
C:\Programming\Projects\BlazeEngine\BlazeEngine\engine\include\BlazeEngine\DataStructures\Transform3D.h(18,20): warning C4251: 'Blaze::Transform3D::absoluteRot': struct 'Blaze::Quat<float>' needs to have dll-interface to be used by clients of class 'Blaze::Transform3D'
C:\Programming\Projects\BlazeEngine\BlazeEngine\engine\include\BlazeEngine\DataStructures\Quaternion.h(84): message : see declaration of 'Blaze::Quat<float>'
C:\Programming\Projects\BlazeEngine\BlazeEngine\engine\include\BlazeEngine\DataStructures\Transform3D.h(19,22): warning C4251: 'Blaze::Transform3D::absoluteScale': struct 'Blaze::Vector<float,3>' needs to have dll-interface to be used by clients of class 'Blaze::Transform3D'
C:\Programming\Projects\BlazeEngine\BlazeEngine\engine\include\BlazeEngine\DataStructures\Vector.h(260): message : see declaration of 'Blaze::Vector<float,3>'
C:\Programming\Projects\BlazeEngine\SnakeGame\source\Source.cpp(132,1): warning C4506: no definition for inline function 'void Blaze::OpenGL::VertexArray::Bind(const Blaze::OpenGL::VertexArray &)'
C:\Programming\Projects\BlazeEngine\SnakeGame\source\Source.cpp(132,1): warning C4506: no definition for inline function 'Blaze::OpenGL::VertexArray *Blaze::OpenGL::VertexArray::GetBound(void)'
C:\Programming\Projects\BlazeEngine\SnakeGame\source\Source.cpp(23): warning C26495: Variable 'App::<unnamed-type-grid>::MVPuniform' is uninitialized. Always initialize a member variable (type.6).
