C:\Program Files (x86)\Microsoft Visual Studio\2019\Community\MSBuild\Microsoft\VC\v160\Microsoft.CppBuild.targets(476,5): warning MSB8004: Intermediate Directory does not end with a trailing slash.  This build instance will add the slash as it is required to allow proper evaluation of the Intermediate Directory.
  Controller.cpp
  Scene.cpp
  Source.cpp
  Terrain.cpp
C:\Programming\Projects\BlazeEngine\BlazeEngine\engine\include\BlazeEngine\Core\Window.h(25,23): warning C4251: 'Blaze::Window::lockedMousePos': struct 'Blaze::Vec2<int>' needs to have dll-interface to be used by clients of class 'Blaze::Window' (compiling source file assets\source\Controller.cpp)
C:\Programming\Projects\BlazeEngine\BlazeEngine\engine\include\BlazeEngine\DataStructures\Vector.h(67): message : see declaration of 'Blaze::Vec2<int>' (compiling source file assets\source\Controller.cpp)
C:\Programming\Projects\BlazeEngine\BlazeEngine\engine\include\BlazeEngine\Core\Window.h(31,41): warning C4251: 'Blaze::Window::allWindows': class 'std::vector<Blaze::Window *,std::allocator<Blaze::Window *>>' needs to have dll-interface to be used by clients of class 'Blaze::Window' (compiling source file assets\source\Controller.cpp)
C:\Programming\Projects\BlazeEngine\BlazeEngine\engine\include\BlazeEngine\Core\Window.h(31): message : see declaration of 'std::vector<Blaze::Window *,std::allocator<Blaze::Window *>>' (compiling source file assets\source\Controller.cpp)
C:\Programming\Projects\BlazeEngine\BlazeEngine\engine\include\BlazeEngine\Core\Console.h(40,16): warning C4251: 'Blaze::Console::Frame::cursor': struct 'Blaze::Vec2<int>' needs to have dll-interface to be used by clients of class 'Blaze::Console::Frame' (compiling source file assets\source\Controller.cpp)
C:\Programming\Projects\BlazeEngine\BlazeEngine\engine\include\BlazeEngine\DataStructures\Vector.h(67): message : see declaration of 'Blaze::Vec2<int>' (compiling source file assets\source\Controller.cpp)
C:\Programming\Projects\BlazeEngine\BlazeEngine\engine\include\BlazeEngine\Core\Console.h(41,14): warning C4251: 'Blaze::Console::Frame::size': struct 'Blaze::Vec2<int>' needs to have dll-interface to be used by clients of class 'Blaze::Console::Frame' (compiling source file assets\source\Controller.cpp)
C:\Programming\Projects\BlazeEngine\BlazeEngine\engine\include\BlazeEngine\DataStructures\Vector.h(67): message : see declaration of 'Blaze::Vec2<int>' (compiling source file assets\source\Controller.cpp)
C:\Programming\Projects\BlazeEngine\BlazeEngine\engine\include\BlazeEngine\Core\Console.h(42,13): warning C4251: 'Blaze::Console::Frame::pos': struct 'Blaze::Vec2<int>' needs to have dll-interface to be used by clients of class 'Blaze::Console::Frame' (compiling source file assets\source\Controller.cpp)
C:\Programming\Projects\BlazeEngine\BlazeEngine\engine\include\BlazeEngine\DataStructures\Vector.h(67): message : see declaration of 'Blaze::Vec2<int>' (compiling source file assets\source\Controller.cpp)
C:\Programming\Projects\BlazeEngine\BlazeEngine\engine\include\BlazeEngine\Core\Window.h(25,23): warning C4251: 'Blaze::Window::lockedMousePos': struct 'Blaze::Vec2<int>' needs to have dll-interface to be used by clients of class 'Blaze::Window' (compiling source file assets\source\Scene.cpp)
C:\Programming\Projects\BlazeEngine\BlazeEngine\engine\include\BlazeEngine\DataStructures\Vector.h(67): message : see declaration of 'Blaze::Vec2<int>' (compiling source file assets\source\Scene.cpp)
C:\Programming\Projects\BlazeEngine\BlazeEngine\engine\include\BlazeEngine\Core\Window.h(31,41): warning C4251: 'Blaze::Window::allWindows': class 'std::vector<Blaze::Window *,std::allocator<Blaze::Window *>>' needs to have dll-interface to be used by clients of class 'Blaze::Window' (compiling source file assets\source\Scene.cpp)
C:\Programming\Projects\BlazeEngine\BlazeEngine\engine\include\BlazeEngine\Core\Window.h(31): message : see declaration of 'std::vector<Blaze::Window *,std::allocator<Blaze::Window *>>' (compiling source file assets\source\Scene.cpp)
C:\Programming\Projects\BlazeEngine\BlazeEngine\engine\include\BlazeEngine\Core\Window.h(25,23): warning C4251: 'Blaze::Window::lockedMousePos': struct 'Blaze::Vec2<int>' needs to have dll-interface to be used by clients of class 'Blaze::Window' (compiling source file assets\source\Terrain.cpp)
C:\Programming\Projects\BlazeEngine\BlazeEngine\engine\include\BlazeEngine\DataStructures\Vector.h(67): message : see declaration of 'Blaze::Vec2<int>' (compiling source file assets\source\Terrain.cpp)
C:\Programming\Projects\BlazeEngine\BlazeEngine\engine\include\BlazeEngine\Core\Window.h(31,41): warning C4251: 'Blaze::Window::allWindows': class 'std::vector<Blaze::Window *,std::allocator<Blaze::Window *>>' needs to have dll-interface to be used by clients of class 'Blaze::Window' (compiling source file assets\source\Terrain.cpp)
C:\Programming\Projects\BlazeEngine\BlazeEngine\engine\include\BlazeEngine\Core\Window.h(31): message : see declaration of 'std::vector<Blaze::Window *,std::allocator<Blaze::Window *>>' (compiling source file assets\source\Terrain.cpp)
C:\Programming\Projects\BlazeEngine\BlazeEngine\engine\include\BlazeEngine\Core\Console.h(72,29): warning C4251: 'Blaze::Console::List::lines': class 'std::vector<Blaze::String,std::allocator<Blaze::String>>' needs to have dll-interface to be used by clients of class 'Blaze::Console::List' (compiling source file assets\source\Controller.cpp)
C:\Programming\Projects\BlazeEngine\BlazeEngine\engine\include\BlazeEngine\Core\Console.h(72): message : see declaration of 'std::vector<Blaze::String,std::allocator<Blaze::String>>' (compiling source file assets\source\Controller.cpp)
C:\Programming\Projects\BlazeEngine\BlazeEngine\engine\include\BlazeEngine\Core\Console.h(40,16): warning C4251: 'Blaze::Console::Frame::cursor': struct 'Blaze::Vec2<int>' needs to have dll-interface to be used by clients of class 'Blaze::Console::Frame' (compiling source file assets\source\Scene.cpp)
C:\Programming\Projects\BlazeEngine\BlazeEngine\engine\include\BlazeEngine\DataStructures\Vector.h(67): message : see declaration of 'Blaze::Vec2<int>' (compiling source file assets\source\Scene.cpp)
C:\Programming\Projects\BlazeEngine\BlazeEngine\engine\include\BlazeEngine\Core\Console.h(41,14): warning C4251: 'Blaze::Console::Frame::size': struct 'Blaze::Vec2<int>' needs to have dll-interface to be used by clients of class 'Blaze::Console::Frame' (compiling source file assets\source\Scene.cpp)
C:\Programming\Projects\BlazeEngine\BlazeEngine\engine\include\BlazeEngine\DataStructures\Vector.h(67): message : see declaration of 'Blaze::Vec2<int>' (compiling source file assets\source\Scene.cpp)
C:\Programming\Projects\BlazeEngine\BlazeEngine\engine\include\BlazeEngine\Core\Console.h(42,13): warning C4251: 'Blaze::Console::Frame::pos': struct 'Blaze::Vec2<int>' needs to have dll-interface to be used by clients of class 'Blaze::Console::Frame' (compiling source file assets\source\Scene.cpp)
C:\Programming\Projects\BlazeEngine\BlazeEngine\engine\include\BlazeEngine\DataStructures\Vector.h(67): message : see declaration of 'Blaze::Vec2<int>' (compiling source file assets\source\Scene.cpp)
C:\Programming\Projects\BlazeEngine\BlazeEngine\engine\include\BlazeEngine\Core\Console.h(40,16): warning C4251: 'Blaze::Console::Frame::cursor': struct 'Blaze::Vec2<int>' needs to have dll-interface to be used by clients of class 'Blaze::Console::Frame' (compiling source file assets\source\Terrain.cpp)
C:\Programming\Projects\BlazeEngine\BlazeEngine\engine\include\BlazeEngine\DataStructures\Vector.h(67): message : see declaration of 'Blaze::Vec2<int>' (compiling source file assets\source\Terrain.cpp)
C:\Programming\Projects\BlazeEngine\BlazeEngine\engine\include\BlazeEngine\Core\Console.h(41,14): warning C4251: 'Blaze::Console::Frame::size': struct 'Blaze::Vec2<int>' needs to have dll-interface to be used by clients of class 'Blaze::Console::Frame' (compiling source file assets\source\Terrain.cpp)
C:\Programming\Projects\BlazeEngine\BlazeEngine\engine\include\BlazeEngine\DataStructures\Vector.h(67): message : see declaration of 'Blaze::Vec2<int>' (compiling source file assets\source\Terrain.cpp)
C:\Programming\Projects\BlazeEngine\BlazeEngine\engine\include\BlazeEngine\Core\Console.h(42,13): warning C4251: 'Blaze::Console::Frame::pos': struct 'Blaze::Vec2<int>' needs to have dll-interface to be used by clients of class 'Blaze::Console::Frame' (compiling source file assets\source\Terrain.cpp)
C:\Programming\Projects\BlazeEngine\BlazeEngine\engine\include\BlazeEngine\DataStructures\Vector.h(67): message : see declaration of 'Blaze::Vec2<int>' (compiling source file assets\source\Terrain.cpp)
C:\Programming\Projects\BlazeEngine\BlazeEngine\engine\include\BlazeEngine\Core\Console.h(72,29): warning C4251: 'Blaze::Console::List::lines': class 'std::vector<Blaze::String,std::allocator<Blaze::String>>' needs to have dll-interface to be used by clients of class 'Blaze::Console::List' (compiling source file assets\source\Scene.cpp)
C:\Programming\Projects\BlazeEngine\BlazeEngine\engine\include\BlazeEngine\Core\Console.h(72): message : see declaration of 'std::vector<Blaze::String,std::allocator<Blaze::String>>' (compiling source file assets\source\Scene.cpp)
C:\Programming\Projects\BlazeEngine\BlazeEngine\engine\include\BlazeEngine\Graphics\ShaderProgram.h(49,30): warning C4251: 'Blaze::UniformBlock::members': class 'std::vector<Blaze::UniformBlock::Member,std::allocator<Blaze::UniformBlock::Member>>' needs to have dll-interface to be used by clients of struct 'Blaze::UniformBlock' (compiling source file assets\source\Controller.cpp)
C:\Programming\Projects\BlazeEngine\BlazeEngine\engine\include\BlazeEngine\Graphics\ShaderProgram.h(49): message : see declaration of 'std::vector<Blaze::UniformBlock::Member,std::allocator<Blaze::UniformBlock::Member>>' (compiling source file assets\source\Controller.cpp)
C:\Programming\Projects\BlazeEngine\BlazeEngine\engine\include\BlazeEngine\Core\Console.h(72,29): warning C4251: 'Blaze::Console::List::lines': class 'std::vector<Blaze::String,std::allocator<Blaze::String>>' needs to have dll-interface to be used by clients of class 'Blaze::Console::List' (compiling source file assets\source\Terrain.cpp)
C:\Programming\Projects\BlazeEngine\BlazeEngine\engine\include\BlazeEngine\Core\Console.h(72): message : see declaration of 'std::vector<Blaze::String,std::allocator<Blaze::String>>' (compiling source file assets\source\Terrain.cpp)
C:\Programming\Projects\BlazeEngine\BlazeEngine\engine\include\BlazeEngine\Graphics\ShaderProgram.h(66,32): warning C4251: 'Blaze::ShaderProgram::uniforms': class 'std::vector<Blaze::Uniform,std::allocator<Blaze::Uniform>>' needs to have dll-interface to be used by clients of class 'Blaze::ShaderProgram' (compiling source file assets\source\Controller.cpp)
C:\Programming\Projects\BlazeEngine\BlazeEngine\engine\include\BlazeEngine\Graphics\ShaderProgram.h(66): message : see declaration of 'std::vector<Blaze::Uniform,std::allocator<Blaze::Uniform>>' (compiling source file assets\source\Controller.cpp)
C:\Programming\Projects\BlazeEngine\BlazeEngine\engine\include\BlazeEngine\Graphics\ShaderProgram.h(70,56): warning C4251: 'Blaze::ShaderProgram::uniformBlocks': class 'std::vector<Blaze::UniformBlock,std::allocator<Blaze::UniformBlock>>' needs to have dll-interface to be used by clients of class 'Blaze::ShaderProgram' (compiling source file assets\source\Controller.cpp)
C:\Programming\Projects\BlazeEngine\BlazeEngine\engine\include\BlazeEngine\Graphics\ShaderProgram.h(70): message : see declaration of 'std::vector<Blaze::UniformBlock,std::allocator<Blaze::UniformBlock>>' (compiling source file assets\source\Controller.cpp)
C:\Programming\Projects\BlazeEngine\BlazeEngine\engine\include\BlazeEngine\Graphics\ShaderProgram.h(49,30): warning C4251: 'Blaze::UniformBlock::members': class 'std::vector<Blaze::UniformBlock::Member,std::allocator<Blaze::UniformBlock::Member>>' needs to have dll-interface to be used by clients of struct 'Blaze::UniformBlock' (compiling source file assets\source\Scene.cpp)
C:\Programming\Projects\BlazeEngine\BlazeEngine\engine\include\BlazeEngine\Graphics\ShaderProgram.h(49): message : see declaration of 'std::vector<Blaze::UniformBlock::Member,std::allocator<Blaze::UniformBlock::Member>>' (compiling source file assets\source\Scene.cpp)
C:\Programming\Projects\BlazeEngine\BlazeEngine\engine\include\BlazeEngine\Graphics\ShaderProgram.h(49,30): warning C4251: 'Blaze::UniformBlock::members': class 'std::vector<Blaze::UniformBlock::Member,std::allocator<Blaze::UniformBlock::Member>>' needs to have dll-interface to be used by clients of struct 'Blaze::UniformBlock' (compiling source file assets\source\Terrain.cpp)
C:\Programming\Projects\BlazeEngine\BlazeEngine\engine\include\BlazeEngine\Graphics\ShaderProgram.h(49): message : see declaration of 'std::vector<Blaze::UniformBlock::Member,std::allocator<Blaze::UniformBlock::Member>>' (compiling source file assets\source\Terrain.cpp)
C:\Programming\Projects\BlazeEngine\BlazeEngine\engine\include\BlazeEngine\Graphics\ShaderProgram.h(66,32): warning C4251: 'Blaze::ShaderProgram::uniforms': class 'std::vector<Blaze::Uniform,std::allocator<Blaze::Uniform>>' needs to have dll-interface to be used by clients of class 'Blaze::ShaderProgram' (compiling source file assets\source\Scene.cpp)
C:\Programming\Projects\BlazeEngine\BlazeEngine\engine\include\BlazeEngine\Graphics\ShaderProgram.h(66): message : see declaration of 'std::vector<Blaze::Uniform,std::allocator<Blaze::Uniform>>' (compiling source file assets\source\Scene.cpp)
C:\Programming\Projects\BlazeEngine\BlazeEngine\engine\include\BlazeEngine\Graphics\ShaderProgram.h(70,56): warning C4251: 'Blaze::ShaderProgram::uniformBlocks': class 'std::vector<Blaze::UniformBlock,std::allocator<Blaze::UniformBlock>>' needs to have dll-interface to be used by clients of class 'Blaze::ShaderProgram' (compiling source file assets\source\Scene.cpp)
C:\Programming\Projects\BlazeEngine\BlazeEngine\engine\include\BlazeEngine\Graphics\ShaderProgram.h(70): message : see declaration of 'std::vector<Blaze::UniformBlock,std::allocator<Blaze::UniformBlock>>' (compiling source file assets\source\Scene.cpp)
C:\Programming\Projects\BlazeEngine\BlazeEngine\engine\include\BlazeEngine\Graphics\ShaderProgram.h(66,32): warning C4251: 'Blaze::ShaderProgram::uniforms': class 'std::vector<Blaze::Uniform,std::allocator<Blaze::Uniform>>' needs to have dll-interface to be used by clients of class 'Blaze::ShaderProgram' (compiling source file assets\source\Terrain.cpp)
C:\Programming\Projects\BlazeEngine\BlazeEngine\engine\include\BlazeEngine\Graphics\ShaderProgram.h(66): message : see declaration of 'std::vector<Blaze::Uniform,std::allocator<Blaze::Uniform>>' (compiling source file assets\source\Terrain.cpp)
C:\Programming\Projects\BlazeEngine\BlazeEngine\engine\include\BlazeEngine\Graphics\VertexLayout.h(14,27): warning C4251: 'Blaze::VertexLayout::layout': class 'std::vector<Blaze::Type,std::allocator<Blaze::Type>>' needs to have dll-interface to be used by clients of class 'Blaze::VertexLayout' (compiling source file assets\source\Controller.cpp)
C:\Programming\Projects\BlazeEngine\BlazeEngine\engine\include\BlazeEngine\Graphics\VertexLayout.h(14): message : see declaration of 'std::vector<Blaze::Type,std::allocator<Blaze::Type>>' (compiling source file assets\source\Controller.cpp)
C:\Programming\Projects\BlazeEngine\BlazeEngine\engine\include\BlazeEngine\Graphics\ShaderProgram.h(70,56): warning C4251: 'Blaze::ShaderProgram::uniformBlocks': class 'std::vector<Blaze::UniformBlock,std::allocator<Blaze::UniformBlock>>' needs to have dll-interface to be used by clients of class 'Blaze::ShaderProgram' (compiling source file assets\source\Terrain.cpp)
C:\Programming\Projects\BlazeEngine\BlazeEngine\engine\include\BlazeEngine\Graphics\ShaderProgram.h(70): message : see declaration of 'std::vector<Blaze::UniformBlock,std::allocator<Blaze::UniformBlock>>' (compiling source file assets\source\Terrain.cpp)
C:\Programming\Projects\BlazeEngine\BlazeEngine\engine\include\BlazeEngine\Core\Window.h(25,23): warning C4251: 'Blaze::Window::lockedMousePos': struct 'Blaze::Vec2<int>' needs to have dll-interface to be used by clients of class 'Blaze::Window' (compiling source file assets\source\Source.cpp)
C:\Programming\Projects\BlazeEngine\BlazeEngine\engine\include\BlazeEngine\DataStructures\Vector.h(67): message : see declaration of 'Blaze::Vec2<int>' (compiling source file assets\source\Source.cpp)
C:\Programming\Projects\BlazeEngine\BlazeEngine\engine\include\BlazeEngine\Core\Window.h(31,41): warning C4251: 'Blaze::Window::allWindows': class 'std::vector<Blaze::Window *,std::allocator<Blaze::Window *>>' needs to have dll-interface to be used by clients of class 'Blaze::Window' (compiling source file assets\source\Source.cpp)
C:\Programming\Projects\BlazeEngine\BlazeEngine\engine\include\BlazeEngine\Core\Window.h(31): message : see declaration of 'std::vector<Blaze::Window *,std::allocator<Blaze::Window *>>' (compiling source file assets\source\Source.cpp)
C:\Programming\Projects\BlazeEngine\BlazeEngine\engine\include\BlazeEngine\Graphics\VertexLayout.h(14,27): warning C4251: 'Blaze::VertexLayout::layout': class 'std::vector<Blaze::Type,std::allocator<Blaze::Type>>' needs to have dll-interface to be used by clients of class 'Blaze::VertexLayout' (compiling source file assets\source\Scene.cpp)
C:\Programming\Projects\BlazeEngine\BlazeEngine\engine\include\BlazeEngine\Graphics\VertexLayout.h(14): message : see declaration of 'std::vector<Blaze::Type,std::allocator<Blaze::Type>>' (compiling source file assets\source\Scene.cpp)
C:\Programming\Projects\BlazeEngine\BlazeEngine\engine\include\BlazeEngine\GameSystem\Resources\Texture.h(86,13): warning C4251: 'Blaze::Texture2D::size': struct 'Blaze::Vec2<int>' needs to have dll-interface to be used by clients of class 'Blaze::Texture2D' (compiling source file assets\source\Controller.cpp)
C:\Programming\Projects\BlazeEngine\BlazeEngine\engine\include\BlazeEngine\DataStructures\Vector.h(67): message : see declaration of 'Blaze::Vec2<int>' (compiling source file assets\source\Controller.cpp)
C:\Programming\Projects\BlazeEngine\BlazeEngine\engine\include\BlazeEngine\Graphics\VertexLayout.h(14,27): warning C4251: 'Blaze::VertexLayout::layout': class 'std::vector<Blaze::Type,std::allocator<Blaze::Type>>' needs to have dll-interface to be used by clients of class 'Blaze::VertexLayout' (compiling source file assets\source\Terrain.cpp)
C:\Programming\Projects\BlazeEngine\BlazeEngine\engine\include\BlazeEngine\Graphics\VertexLayout.h(14): message : see declaration of 'std::vector<Blaze::Type,std::allocator<Blaze::Type>>' (compiling source file assets\source\Terrain.cpp)
C:\Programming\Projects\BlazeEngine\BlazeEngine\engine\include\BlazeEngine\Core\Console.h(40,16): warning C4251: 'Blaze::Console::Frame::cursor': struct 'Blaze::Vec2<int>' needs to have dll-interface to be used by clients of class 'Blaze::Console::Frame' (compiling source file assets\source\Source.cpp)
C:\Programming\Projects\BlazeEngine\BlazeEngine\engine\include\BlazeEngine\DataStructures\Vector.h(67): message : see declaration of 'Blaze::Vec2<int>' (compiling source file assets\source\Source.cpp)
C:\Programming\Projects\BlazeEngine\BlazeEngine\engine\include\BlazeEngine\Core\Console.h(41,14): warning C4251: 'Blaze::Console::Frame::size': struct 'Blaze::Vec2<int>' needs to have dll-interface to be used by clients of class 'Blaze::Console::Frame' (compiling source file assets\source\Source.cpp)
C:\Programming\Projects\BlazeEngine\BlazeEngine\engine\include\BlazeEngine\DataStructures\Vector.h(67): message : see declaration of 'Blaze::Vec2<int>' (compiling source file assets\source\Source.cpp)
C:\Programming\Projects\BlazeEngine\BlazeEngine\engine\include\BlazeEngine\Core\Console.h(42,13): warning C4251: 'Blaze::Console::Frame::pos': struct 'Blaze::Vec2<int>' needs to have dll-interface to be used by clients of class 'Blaze::Console::Frame' (compiling source file assets\source\Source.cpp)
C:\Programming\Projects\BlazeEngine\BlazeEngine\engine\include\BlazeEngine\DataStructures\Vector.h(67): message : see declaration of 'Blaze::Vec2<int>' (compiling source file assets\source\Source.cpp)
C:\Programming\Projects\BlazeEngine\BlazeEngine\engine\include\BlazeEngine\GameSystem\Resources\Texture.h(86,13): warning C4251: 'Blaze::Texture2D::size': struct 'Blaze::Vec2<int>' needs to have dll-interface to be used by clients of class 'Blaze::Texture2D' (compiling source file assets\source\Scene.cpp)
C:\Programming\Projects\BlazeEngine\BlazeEngine\engine\include\BlazeEngine\DataStructures\Vector.h(67): message : see declaration of 'Blaze::Vec2<int>' (compiling source file assets\source\Scene.cpp)
C:\Programming\Projects\BlazeEngine\BlazeEngine\engine\include\BlazeEngine\Core\Console.h(72,29): warning C4251: 'Blaze::Console::List::lines': class 'std::vector<Blaze::String,std::allocator<Blaze::String>>' needs to have dll-interface to be used by clients of class 'Blaze::Console::List' (compiling source file assets\source\Source.cpp)
C:\Programming\Projects\BlazeEngine\BlazeEngine\engine\include\BlazeEngine\Core\Console.h(72): message : see declaration of 'std::vector<Blaze::String,std::allocator<Blaze::String>>' (compiling source file assets\source\Source.cpp)
C:\Programming\Projects\BlazeEngine\BlazeEngine\engine\include\BlazeEngine\GameSystem\Resources\Texture.h(86,13): warning C4251: 'Blaze::Texture2D::size': struct 'Blaze::Vec2<int>' needs to have dll-interface to be used by clients of class 'Blaze::Texture2D' (compiling source file assets\source\Terrain.cpp)
C:\Programming\Projects\BlazeEngine\BlazeEngine\engine\include\BlazeEngine\DataStructures\Vector.h(67): message : see declaration of 'Blaze::Vec2<int>' (compiling source file assets\source\Terrain.cpp)
C:\Programming\Projects\BlazeEngine\BlazeEngine\engine\include\BlazeEngine\Graphics\ShaderProgram.h(49,30): warning C4251: 'Blaze::UniformBlock::members': class 'std::vector<Blaze::UniformBlock::Member,std::allocator<Blaze::UniformBlock::Member>>' needs to have dll-interface to be used by clients of struct 'Blaze::UniformBlock' (compiling source file assets\source\Source.cpp)
C:\Programming\Projects\BlazeEngine\BlazeEngine\engine\include\BlazeEngine\Graphics\ShaderProgram.h(49): message : see declaration of 'std::vector<Blaze::UniformBlock::Member,std::allocator<Blaze::UniformBlock::Member>>' (compiling source file assets\source\Source.cpp)
C:\Programming\Projects\BlazeEngine\BlazeEngine\engine\include\BlazeEngine\Graphics\ShaderProgram.h(66,32): warning C4251: 'Blaze::ShaderProgram::uniforms': class 'std::vector<Blaze::Uniform,std::allocator<Blaze::Uniform>>' needs to have dll-interface to be used by clients of class 'Blaze::ShaderProgram' (compiling source file assets\source\Source.cpp)
C:\Programming\Projects\BlazeEngine\BlazeEngine\engine\include\BlazeEngine\Graphics\ShaderProgram.h(66): message : see declaration of 'std::vector<Blaze::Uniform,std::allocator<Blaze::Uniform>>' (compiling source file assets\source\Source.cpp)
C:\Programming\Projects\BlazeEngine\BlazeEngine\engine\include\BlazeEngine\Graphics\ShaderProgram.h(70,56): warning C4251: 'Blaze::ShaderProgram::uniformBlocks': class 'std::vector<Blaze::UniformBlock,std::allocator<Blaze::UniformBlock>>' needs to have dll-interface to be used by clients of class 'Blaze::ShaderProgram' (compiling source file assets\source\Source.cpp)
C:\Programming\Projects\BlazeEngine\BlazeEngine\engine\include\BlazeEngine\Graphics\ShaderProgram.h(70): message : see declaration of 'std::vector<Blaze::UniformBlock,std::allocator<Blaze::UniformBlock>>' (compiling source file assets\source\Source.cpp)
C:\Programming\Projects\BlazeEngine\BlazeEngine\engine\include\BlazeEngine\Graphics\VertexLayout.h(14,27): warning C4251: 'Blaze::VertexLayout::layout': class 'std::vector<Blaze::Type,std::allocator<Blaze::Type>>' needs to have dll-interface to be used by clients of class 'Blaze::VertexLayout' (compiling source file assets\source\Source.cpp)
C:\Programming\Projects\BlazeEngine\BlazeEngine\engine\include\BlazeEngine\Graphics\VertexLayout.h(14): message : see declaration of 'std::vector<Blaze::Type,std::allocator<Blaze::Type>>' (compiling source file assets\source\Source.cpp)
C:\Programming\Projects\BlazeEngine\BlazeEngine\engine\include\BlazeEngine\GameSystem\Resources\Texture.h(86,13): warning C4251: 'Blaze::Texture2D::size': struct 'Blaze::Vec2<int>' needs to have dll-interface to be used by clients of class 'Blaze::Texture2D' (compiling source file assets\source\Source.cpp)
C:\Programming\Projects\BlazeEngine\BlazeEngine\engine\include\BlazeEngine\DataStructures\Vector.h(67): message : see declaration of 'Blaze::Vec2<int>' (compiling source file assets\source\Source.cpp)
C:\Programming\Projects\BlazeEngine\BlazeEngine\engine\include\BlazeEngine\DataStructures\ByteStream.h(12,26): warning C4251: 'Blaze::ByteStream::data': class 'std::vector<Blaze::uint8,std::allocator<Blaze::uint8>>' needs to have dll-interface to be used by clients of class 'Blaze::ByteStream' (compiling source file assets\source\Controller.cpp)
C:\Programming\Projects\BlazeEngine\BlazeEngine\engine\include\BlazeEngine\DataStructures\ByteStream.h(12): message : see declaration of 'std::vector<Blaze::uint8,std::allocator<Blaze::uint8>>' (compiling source file assets\source\Controller.cpp)
C:\Programming\Projects\BlazeEngine\BlazeEngine\engine\include\BlazeEngine\DataStructures\ByteStream.h(12,26): warning C4251: 'Blaze::ByteStream::data': class 'std::vector<Blaze::uint8,std::allocator<Blaze::uint8>>' needs to have dll-interface to be used by clients of class 'Blaze::ByteStream' (compiling source file assets\source\Scene.cpp)
C:\Programming\Projects\BlazeEngine\BlazeEngine\engine\include\BlazeEngine\DataStructures\ByteStream.h(12): message : see declaration of 'std::vector<Blaze::uint8,std::allocator<Blaze::uint8>>' (compiling source file assets\source\Scene.cpp)
C:\Programming\Projects\BlazeEngine\BlazeEngine\engine\include\BlazeEngine\GameSystem\ECS\Component.h(75,3): warning C4099: 'Blaze::Component': type name first seen using 'struct' now seen using 'class' (compiling source file assets\source\Controller.cpp)
C:\Programming\Projects\BlazeEngine\BlazeEngine\engine\include\BlazeEngine\GameSystem\ECS\Component.h(46): message : see declaration of 'Blaze::Component' (compiling source file assets\source\Controller.cpp)
C:\Programming\Projects\BlazeEngine\BlazeEngine\engine\include\BlazeEngine\GameSystem\ECS\Component.h(75,3): warning C4099: 'Blaze::Component': type name first seen using 'struct' now seen using 'class' (compiling source file assets\source\Scene.cpp)
C:\Programming\Projects\BlazeEngine\BlazeEngine\engine\include\BlazeEngine\GameSystem\ECS\Component.h(46): message : see declaration of 'Blaze::Component' (compiling source file assets\source\Scene.cpp)
C:\Programming\Projects\BlazeEngine\BlazeEngine\engine\include\BlazeEngine\GameSystem\ECS\ECS.h(35,35): warning C4251: 'Blaze::ECS::systemsMemory': class 'std::vector<Blaze::uint8,std::allocator<Blaze::uint8>>' needs to have dll-interface to be used by clients of class 'Blaze::ECS' (compiling source file assets\source\Controller.cpp)
C:\Programming\Projects\BlazeEngine\BlazeEngine\engine\include\BlazeEngine\DataStructures\ByteStream.h(12): message : see declaration of 'std::vector<Blaze::uint8,std::allocator<Blaze::uint8>>' (compiling source file assets\source\Controller.cpp)
C:\Programming\Projects\BlazeEngine\BlazeEngine\engine\include\BlazeEngine\GameSystem\ECS\ECS.h(35,35): warning C4251: 'Blaze::ECS::systemsMemory': class 'std::vector<Blaze::uint8,std::allocator<Blaze::uint8>>' needs to have dll-interface to be used by clients of class 'Blaze::ECS' (compiling source file assets\source\Scene.cpp)
C:\Programming\Projects\BlazeEngine\BlazeEngine\engine\include\BlazeEngine\DataStructures\ByteStream.h(12): message : see declaration of 'std::vector<Blaze::uint8,std::allocator<Blaze::uint8>>' (compiling source file assets\source\Scene.cpp)
C:\Programming\Projects\BlazeEngine\BlazeEngine\engine\include\BlazeEngine\GameSystem\ECS\ECS.h(36,35): warning C4251: 'Blaze::ECS::systems': class 'std::vector<Blaze::BaseSystem *,std::allocator<Blaze::BaseSystem *>>' needs to have dll-interface to be used by clients of class 'Blaze::ECS' (compiling source file assets\source\Controller.cpp)
C:\Programming\Projects\BlazeEngine\BlazeEngine\engine\include\BlazeEngine\GameSystem\ECS\ECS.h(36): message : see declaration of 'std::vector<Blaze::BaseSystem *,std::allocator<Blaze::BaseSystem *>>' (compiling source file assets\source\Controller.cpp)
C:\Programming\Projects\BlazeEngine\BlazeEngine\engine\include\BlazeEngine\GameSystem\ECS\ECS.h(36,35): warning C4251: 'Blaze::ECS::systems': class 'std::vector<Blaze::BaseSystem *,std::allocator<Blaze::BaseSystem *>>' needs to have dll-interface to be used by clients of class 'Blaze::ECS' (compiling source file assets\source\Scene.cpp)
C:\Programming\Projects\BlazeEngine\BlazeEngine\engine\include\BlazeEngine\GameSystem\ECS\ECS.h(36): message : see declaration of 'std::vector<Blaze::BaseSystem *,std::allocator<Blaze::BaseSystem *>>' (compiling source file assets\source\Scene.cpp)
C:\Programming\Projects\BlazeEngine\BlazeEngine\engine\include\BlazeEngine\DataStructures\ByteStream.h(12,26): warning C4251: 'Blaze::ByteStream::data': class 'std::vector<Blaze::uint8,std::allocator<Blaze::uint8>>' needs to have dll-interface to be used by clients of class 'Blaze::ByteStream' (compiling source file assets\source\Terrain.cpp)
C:\Programming\Projects\BlazeEngine\BlazeEngine\engine\include\BlazeEngine\DataStructures\ByteStream.h(12): message : see declaration of 'std::vector<Blaze::uint8,std::allocator<Blaze::uint8>>' (compiling source file assets\source\Terrain.cpp)
C:\Programming\Projects\BlazeEngine\BlazeEngine\engine\include\BlazeEngine\DataStructures\ByteStream.h(12,26): warning C4251: 'Blaze::ByteStream::data': class 'std::vector<Blaze::uint8,std::allocator<Blaze::uint8>>' needs to have dll-interface to be used by clients of class 'Blaze::ByteStream' (compiling source file assets\source\Source.cpp)
C:\Programming\Projects\BlazeEngine\BlazeEngine\engine\include\BlazeEngine\DataStructures\ByteStream.h(12): message : see declaration of 'std::vector<Blaze::uint8,std::allocator<Blaze::uint8>>' (compiling source file assets\source\Source.cpp)
C:\Programming\Projects\BlazeEngine\BlazeEngine\engine\include\BlazeEngine\GameSystem\ECS\ECS.h(38,45): warning C4251: 'Blaze::ECS::components': class 'std::vector<std::vector<Blaze::uint8,std::allocator<Blaze::uint8>>,std::allocator<std::vector<Blaze::uint8,std::allocator<Blaze::uint8>>>>' needs to have dll-interface to be used by clients of class 'Blaze::ECS' (compiling source file assets\source\Controller.cpp)
C:\Programming\Projects\BlazeEngine\BlazeEngine\engine\include\BlazeEngine\GameSystem\ECS\ECS.h(38): message : see declaration of 'std::vector<std::vector<Blaze::uint8,std::allocator<Blaze::uint8>>,std::allocator<std::vector<Blaze::uint8,std::allocator<Blaze::uint8>>>>' (compiling source file assets\source\Controller.cpp)
C:\Programming\Projects\BlazeEngine\BlazeEngine\engine\include\BlazeEngine\GameSystem\ECS\ECS.h(38,45): warning C4251: 'Blaze::ECS::components': class 'std::vector<std::vector<Blaze::uint8,std::allocator<Blaze::uint8>>,std::allocator<std::vector<Blaze::uint8,std::allocator<Blaze::uint8>>>>' needs to have dll-interface to be used by clients of class 'Blaze::ECS' (compiling source file assets\source\Scene.cpp)
C:\Programming\Projects\BlazeEngine\BlazeEngine\engine\include\BlazeEngine\GameSystem\ECS\ECS.h(38): message : see declaration of 'std::vector<std::vector<Blaze::uint8,std::allocator<Blaze::uint8>>,std::allocator<std::vector<Blaze::uint8,std::allocator<Blaze::uint8>>>>' (compiling source file assets\source\Scene.cpp)
C:\Programming\Projects\BlazeEngine\BlazeEngine\engine\include\BlazeEngine\GameSystem\ECS\Component.h(75,3): warning C4099: 'Blaze::Component': type name first seen using 'struct' now seen using 'class' (compiling source file assets\source\Source.cpp)
C:\Programming\Projects\BlazeEngine\BlazeEngine\engine\include\BlazeEngine\GameSystem\ECS\Component.h(46): message : see declaration of 'Blaze::Component' (compiling source file assets\source\Source.cpp)
C:\Programming\Projects\BlazeEngine\BlazeEngine\engine\include\BlazeEngine\GameSystem\ECS\Component.h(75,3): warning C4099: 'Blaze::Component': type name first seen using 'struct' now seen using 'class' (compiling source file assets\source\Terrain.cpp)
C:\Programming\Projects\BlazeEngine\BlazeEngine\engine\include\BlazeEngine\GameSystem\ECS\Component.h(46): message : see declaration of 'Blaze::Component' (compiling source file assets\source\Terrain.cpp)
C:\Programming\Projects\BlazeEngine\BlazeEngine\engine\include\BlazeEngine\GameSystem\ECS\ECS.h(39,52): warning C4251: 'Blaze::ECS::entities': class 'std::unordered_map<Blaze::EntityID,Blaze::ECS::EntityData,std::hash<int>,std::equal_to<Blaze::EntityID>,std::allocator<std::pair<const Blaze::EntityID,Blaze::ECS::EntityData>>>' needs to have dll-interface to be used by clients of class 'Blaze::ECS' (compiling source file assets\source\Controller.cpp)
C:\Programming\Projects\BlazeEngine\BlazeEngine\engine\include\BlazeEngine\GameSystem\ECS\ECS.h(39): message : see declaration of 'std::unordered_map<Blaze::EntityID,Blaze::ECS::EntityData,std::hash<int>,std::equal_to<Blaze::EntityID>,std::allocator<std::pair<const Blaze::EntityID,Blaze::ECS::EntityData>>>' (compiling source file assets\source\Controller.cpp)
C:\Programming\Projects\BlazeEngine\BlazeEngine\engine\include\BlazeEngine\GameSystem\ECS\ECS.h(35,35): warning C4251: 'Blaze::ECS::systemsMemory': class 'std::vector<Blaze::uint8,std::allocator<Blaze::uint8>>' needs to have dll-interface to be used by clients of class 'Blaze::ECS' (compiling source file assets\source\Source.cpp)
C:\Programming\Projects\BlazeEngine\BlazeEngine\engine\include\BlazeEngine\DataStructures\ByteStream.h(12): message : see declaration of 'std::vector<Blaze::uint8,std::allocator<Blaze::uint8>>' (compiling source file assets\source\Source.cpp)
C:\Programming\Projects\BlazeEngine\BlazeEngine\engine\include\BlazeEngine\GameSystem\ECS\ECS.h(39,52): warning C4251: 'Blaze::ECS::entities': class 'std::unordered_map<Blaze::EntityID,Blaze::ECS::EntityData,std::hash<int>,std::equal_to<Blaze::EntityID>,std::allocator<std::pair<const Blaze::EntityID,Blaze::ECS::EntityData>>>' needs to have dll-interface to be used by clients of class 'Blaze::ECS' (compiling source file assets\source\Scene.cpp)
C:\Programming\Projects\BlazeEngine\BlazeEngine\engine\include\BlazeEngine\GameSystem\ECS\ECS.h(39): message : see declaration of 'std::unordered_map<Blaze::EntityID,Blaze::ECS::EntityData,std::hash<int>,std::equal_to<Blaze::EntityID>,std::allocator<std::pair<const Blaze::EntityID,Blaze::ECS::EntityData>>>' (compiling source file assets\source\Scene.cpp)
C:\Programming\Projects\BlazeEngine\BlazeEngine\engine\include\BlazeEngine\GameSystem\ECS\ECS.h(35,35): warning C4251: 'Blaze::ECS::systemsMemory': class 'std::vector<Blaze::uint8,std::allocator<Blaze::uint8>>' needs to have dll-interface to be used by clients of class 'Blaze::ECS' (compiling source file assets\source\Terrain.cpp)
C:\Programming\Projects\BlazeEngine\BlazeEngine\engine\include\BlazeEngine\DataStructures\ByteStream.h(12): message : see declaration of 'std::vector<Blaze::uint8,std::allocator<Blaze::uint8>>' (compiling source file assets\source\Terrain.cpp)
C:\Programming\Projects\BlazeEngine\BlazeEngine\engine\include\BlazeEngine\GameSystem\ECS\ECS.h(36,35): warning C4251: 'Blaze::ECS::systems': class 'std::vector<Blaze::BaseSystem *,std::allocator<Blaze::BaseSystem *>>' needs to have dll-interface to be used by clients of class 'Blaze::ECS' (compiling source file assets\source\Source.cpp)
C:\Programming\Projects\BlazeEngine\BlazeEngine\engine\include\BlazeEngine\GameSystem\ECS\ECS.h(36): message : see declaration of 'std::vector<Blaze::BaseSystem *,std::allocator<Blaze::BaseSystem *>>' (compiling source file assets\source\Source.cpp)
C:\Programming\Projects\BlazeEngine\BlazeEngine\engine\include\BlazeEngine\GameSystem\Scene.h(22,36): warning C4251: 'Blaze::BaseScene::resources': class 'std::vector<Blaze::ResourceID,std::allocator<int>>' needs to have dll-interface to be used by clients of class 'Blaze::BaseScene' (compiling source file assets\source\Controller.cpp)
C:\Programming\Projects\BlazeEngine\BlazeEngine\engine\include\BlazeEngine\GameSystem\Scene.h(22): message : see declaration of 'std::vector<Blaze::ResourceID,std::allocator<int>>' (compiling source file assets\source\Controller.cpp)
C:\Programming\Projects\BlazeEngine\BlazeEngine\engine\include\BlazeEngine\GameSystem\Scene.h(22,36): warning C4251: 'Blaze::BaseScene::resources': class 'std::vector<Blaze::ResourceID,std::allocator<int>>' needs to have dll-interface to be used by clients of class 'Blaze::BaseScene' (compiling source file assets\source\Scene.cpp)
C:\Programming\Projects\BlazeEngine\BlazeEngine\engine\include\BlazeEngine\GameSystem\Scene.h(22): message : see declaration of 'std::vector<Blaze::ResourceID,std::allocator<int>>' (compiling source file assets\source\Scene.cpp)
C:\Programming\Projects\BlazeEngine\BlazeEngine\engine\include\BlazeEngine\GameSystem\ECS\ECS.h(36,35): warning C4251: 'Blaze::ECS::systems': class 'std::vector<Blaze::BaseSystem *,std::allocator<Blaze::BaseSystem *>>' needs to have dll-interface to be used by clients of class 'Blaze::ECS' (compiling source file assets\source\Terrain.cpp)
C:\Programming\Projects\BlazeEngine\BlazeEngine\engine\include\BlazeEngine\GameSystem\ECS\ECS.h(36): message : see declaration of 'std::vector<Blaze::BaseSystem *,std::allocator<Blaze::BaseSystem *>>' (compiling source file assets\source\Terrain.cpp)
C:\Programming\Projects\BlazeEngine\BlazeEngine\engine\include\BlazeEngine\GameSystem\ECS\ECS.h(38,45): warning C4251: 'Blaze::ECS::components': class 'std::vector<std::vector<Blaze::uint8,std::allocator<Blaze::uint8>>,std::allocator<std::vector<Blaze::uint8,std::allocator<Blaze::uint8>>>>' needs to have dll-interface to be used by clients of class 'Blaze::ECS' (compiling source file assets\source\Source.cpp)
C:\Programming\Projects\BlazeEngine\BlazeEngine\engine\include\BlazeEngine\GameSystem\ECS\ECS.h(38): message : see declaration of 'std::vector<std::vector<Blaze::uint8,std::allocator<Blaze::uint8>>,std::allocator<std::vector<Blaze::uint8,std::allocator<Blaze::uint8>>>>' (compiling source file assets\source\Source.cpp)
C:\Programming\Projects\BlazeEngine\BlazeEngine\engine\include\BlazeEngine\GameSystem\ECS\ECS.h(38,45): warning C4251: 'Blaze::ECS::components': class 'std::vector<std::vector<Blaze::uint8,std::allocator<Blaze::uint8>>,std::allocator<std::vector<Blaze::uint8,std::allocator<Blaze::uint8>>>>' needs to have dll-interface to be used by clients of class 'Blaze::ECS' (compiling source file assets\source\Terrain.cpp)
C:\Programming\Projects\BlazeEngine\BlazeEngine\engine\include\BlazeEngine\GameSystem\ECS\ECS.h(38): message : see declaration of 'std::vector<std::vector<Blaze::uint8,std::allocator<Blaze::uint8>>,std::allocator<std::vector<Blaze::uint8,std::allocator<Blaze::uint8>>>>' (compiling source file assets\source\Terrain.cpp)
C:\Programming\Projects\BlazeEngine\BlazeEngine\engine\include\BlazeEngine\GameSystem\ECS\System.h(197,1): warning C4099: 'Blaze::BaseSystem::Array<T>': type name first seen using 'struct' now seen using 'class' (compiling source file assets\source\Scene.cpp)
C:\Programming\Projects\BlazeEngine\BlazeEngine\engine\include\BlazeEngine\GameSystem\ECS\System.h(197): message : see reference to class template instantiation 'Blaze::BaseSystem::Array<T>::Iterator' being compiled (compiling source file assets\source\Scene.cpp)
C:\Programming\Projects\BlazeEngine\BlazeEngine\engine\include\BlazeEngine\GameSystem\ECS\System.h(197,1): warning C4099: 'Blaze::BaseSystem::Array<T>': type name first seen using 'struct' now seen using 'class' (compiling source file assets\source\Controller.cpp)
C:\Programming\Projects\BlazeEngine\BlazeEngine\engine\include\BlazeEngine\GameSystem\ECS\System.h(197): message : see reference to class template instantiation 'Blaze::BaseSystem::Array<T>::Iterator' being compiled (compiling source file assets\source\Controller.cpp)
C:\Programming\Projects\BlazeEngine\BlazeEngine\engine\include\BlazeEngine\GameSystem\ECS\System.h(237): message : see reference to class template instantiation 'Blaze::BaseSystem::Array<T>' being compiled (compiling source file assets\source\Controller.cpp)
C:\Programming\Projects\BlazeEngine\BlazeEngine\engine\include\BlazeEngine\GameSystem\ECS\System.h(237): message : see reference to class template instantiation 'Blaze::BaseSystem::Array<T>' being compiled (compiling source file assets\source\Scene.cpp)
C:\Programming\Projects\BlazeEngine\BlazeEngine\engine\include\BlazeEngine\GameSystem\ECS\ECS.h(39,52): warning C4251: 'Blaze::ECS::entities': class 'std::unordered_map<Blaze::EntityID,Blaze::ECS::EntityData,std::hash<int>,std::equal_to<Blaze::EntityID>,std::allocator<std::pair<const Blaze::EntityID,Blaze::ECS::EntityData>>>' needs to have dll-interface to be used by clients of class 'Blaze::ECS' (compiling source file assets\source\Source.cpp)
C:\Programming\Projects\BlazeEngine\BlazeEngine\engine\include\BlazeEngine\GameSystem\ECS\ECS.h(39): message : see declaration of 'std::unordered_map<Blaze::EntityID,Blaze::ECS::EntityData,std::hash<int>,std::equal_to<Blaze::EntityID>,std::allocator<std::pair<const Blaze::EntityID,Blaze::ECS::EntityData>>>' (compiling source file assets\source\Source.cpp)
C:\Programming\Projects\BlazeEngine\BlazeEngine\engine\include\BlazeEngine\GameSystem\ECS\ECS.h(39,52): warning C4251: 'Blaze::ECS::entities': class 'std::unordered_map<Blaze::EntityID,Blaze::ECS::EntityData,std::hash<int>,std::equal_to<Blaze::EntityID>,std::allocator<std::pair<const Blaze::EntityID,Blaze::ECS::EntityData>>>' needs to have dll-interface to be used by clients of class 'Blaze::ECS' (compiling source file assets\source\Terrain.cpp)
C:\Programming\Projects\BlazeEngine\BlazeEngine\engine\include\BlazeEngine\GameSystem\ECS\ECS.h(39): message : see declaration of 'std::unordered_map<Blaze::EntityID,Blaze::ECS::EntityData,std::hash<int>,std::equal_to<Blaze::EntityID>,std::allocator<std::pair<const Blaze::EntityID,Blaze::ECS::EntityData>>>' (compiling source file assets\source\Terrain.cpp)
C:\Programming\Projects\BlazeEngine\BlazeEngine\engine\include\BlazeEngine\GameSystem\Scene.h(22,36): warning C4251: 'Blaze::BaseScene::resources': class 'std::vector<Blaze::ResourceID,std::allocator<int>>' needs to have dll-interface to be used by clients of class 'Blaze::BaseScene' (compiling source file assets\source\Source.cpp)
C:\Programming\Projects\BlazeEngine\BlazeEngine\engine\include\BlazeEngine\GameSystem\Scene.h(22): message : see declaration of 'std::vector<Blaze::ResourceID,std::allocator<int>>' (compiling source file assets\source\Source.cpp)
C:\Programming\Projects\BlazeEngine\BlazeEngine\engine\include\BlazeEngine\GameSystem\Scene.h(22,36): warning C4251: 'Blaze::BaseScene::resources': class 'std::vector<Blaze::ResourceID,std::allocator<int>>' needs to have dll-interface to be used by clients of class 'Blaze::BaseScene' (compiling source file assets\source\Terrain.cpp)
C:\Programming\Projects\BlazeEngine\BlazeEngine\engine\include\BlazeEngine\GameSystem\Scene.h(22): message : see declaration of 'std::vector<Blaze::ResourceID,std::allocator<int>>' (compiling source file assets\source\Terrain.cpp)
C:\Programming\Projects\BlazeEngine\BlazeEngine\engine\include\BlazeEngine\GameSystem\Components\Transform3D.h(13,2): warning C4275: non dll-interface class 'Blaze::Transform' used as base for dll-interface class 'Blaze::Transform3D' (compiling source file assets\source\Controller.cpp)
C:\Programming\Projects\BlazeEngine\BlazeEngine\engine\include\BlazeEngine\GameSystem\Components\Transform.h(7): message : see declaration of 'Blaze::Transform' (compiling source file assets\source\Controller.cpp)
C:\Programming\Projects\BlazeEngine\BlazeEngine\engine\include\BlazeEngine\GameSystem\Components\Transform3D.h(12): message : see declaration of 'Blaze::Transform3D' (compiling source file assets\source\Controller.cpp)
C:\Programming\Projects\BlazeEngine\BlazeEngine\engine\include\BlazeEngine\GameSystem\Components\Transform3D.h(13,2): warning C4275: non dll-interface class 'Blaze::Transform' used as base for dll-interface class 'Blaze::Transform3D' (compiling source file assets\source\Scene.cpp)
C:\Programming\Projects\BlazeEngine\BlazeEngine\engine\include\BlazeEngine\GameSystem\Components\Transform.h(7): message : see declaration of 'Blaze::Transform' (compiling source file assets\source\Scene.cpp)
C:\Programming\Projects\BlazeEngine\BlazeEngine\engine\include\BlazeEngine\GameSystem\Components\Transform3D.h(12): message : see declaration of 'Blaze::Transform3D' (compiling source file assets\source\Scene.cpp)
C:\Programming\Projects\BlazeEngine\BlazeEngine\engine\include\BlazeEngine\GameSystem\Components\Transform3D.h(15,12): warning C4251: 'Blaze::Transform3D::pos': struct 'Blaze::Vec3<float>' needs to have dll-interface to be used by clients of class 'Blaze::Transform3D' (compiling source file assets\source\Controller.cpp)
C:\Programming\Projects\BlazeEngine\BlazeEngine\engine\include\BlazeEngine\DataStructures\Vector.h(124): message : see declaration of 'Blaze::Vec3<float>' (compiling source file assets\source\Controller.cpp)
C:\Programming\Projects\BlazeEngine\BlazeEngine\engine\include\BlazeEngine\GameSystem\Components\Transform3D.h(16,14): warning C4251: 'Blaze::Transform3D::scale': struct 'Blaze::Vec3<float>' needs to have dll-interface to be used by clients of class 'Blaze::Transform3D' (compiling source file assets\source\Controller.cpp)
C:\Programming\Projects\BlazeEngine\BlazeEngine\engine\include\BlazeEngine\DataStructures\Vector.h(124): message : see declaration of 'Blaze::Vec3<float>' (compiling source file assets\source\Controller.cpp)
C:\Programming\Projects\BlazeEngine\BlazeEngine\engine\include\BlazeEngine\GameSystem\Components\Transform3D.h(15,12): warning C4251: 'Blaze::Transform3D::pos': struct 'Blaze::Vec3<float>' needs to have dll-interface to be used by clients of class 'Blaze::Transform3D' (compiling source file assets\source\Scene.cpp)
C:\Programming\Projects\BlazeEngine\BlazeEngine\engine\include\BlazeEngine\DataStructures\Vector.h(124): message : see declaration of 'Blaze::Vec3<float>' (compiling source file assets\source\Scene.cpp)
C:\Programming\Projects\BlazeEngine\BlazeEngine\engine\include\BlazeEngine\GameSystem\Components\Transform3D.h(16,14): warning C4251: 'Blaze::Transform3D::scale': struct 'Blaze::Vec3<float>' needs to have dll-interface to be used by clients of class 'Blaze::Transform3D' (compiling source file assets\source\Scene.cpp)
C:\Programming\Projects\BlazeEngine\BlazeEngine\engine\include\BlazeEngine\DataStructures\Vector.h(124): message : see declaration of 'Blaze::Vec3<float>' (compiling source file assets\source\Scene.cpp)
C:\Programming\Projects\BlazeEngine\BlazeEngine\engine\include\BlazeEngine\GameSystem\Components\Transform3D.h(17,12): warning C4251: 'Blaze::Transform3D::rot': struct 'Blaze::Quat<float>' needs to have dll-interface to be used by clients of class 'Blaze::Transform3D' (compiling source file assets\source\Controller.cpp)
C:\Programming\Projects\BlazeEngine\BlazeEngine\engine\include\BlazeEngine\DataStructures\Quaternion.h(102): message : see declaration of 'Blaze::Quat<float>' (compiling source file assets\source\Controller.cpp)
C:\Programming\Projects\BlazeEngine\BlazeEngine\engine\include\BlazeEngine\GameSystem\Components\Transform2D.h(23,2): warning C4275: non dll-interface class 'Blaze::Transform' used as base for dll-interface class 'Blaze::Transform2D' (compiling source file assets\source\Controller.cpp)
C:\Programming\Projects\BlazeEngine\BlazeEngine\engine\include\BlazeEngine\GameSystem\Components\Transform.h(7): message : see declaration of 'Blaze::Transform' (compiling source file assets\source\Controller.cpp)
C:\Programming\Projects\BlazeEngine\BlazeEngine\engine\include\BlazeEngine\GameSystem\Components\Transform2D.h(22): message : see declaration of 'Blaze::Transform2D' (compiling source file assets\source\Controller.cpp)
C:\Programming\Projects\BlazeEngine\BlazeEngine\engine\include\BlazeEngine\GameSystem\Components\Transform3D.h(17,12): warning C4251: 'Blaze::Transform3D::rot': struct 'Blaze::Quat<float>' needs to have dll-interface to be used by clients of class 'Blaze::Transform3D' (compiling source file assets\source\Scene.cpp)
C:\Programming\Projects\BlazeEngine\BlazeEngine\engine\include\BlazeEngine\DataStructures\Quaternion.h(102): message : see declaration of 'Blaze::Quat<float>' (compiling source file assets\source\Scene.cpp)
C:\Programming\Projects\BlazeEngine\BlazeEngine\engine\include\BlazeEngine\GameSystem\Components\Transform2D.h(25,13): warning C4251: 'Blaze::Transform2D::rect': struct 'Blaze::Rect<float>' needs to have dll-interface to be used by clients of class 'Blaze::Transform2D' (compiling source file assets\source\Controller.cpp)
C:\Programming\Projects\BlazeEngine\BlazeEngine\engine\include\BlazeEngine\DataStructures\Rect.h(29): message : see declaration of 'Blaze::Rect<float>' (compiling source file assets\source\Controller.cpp)
C:\Programming\Projects\BlazeEngine\BlazeEngine\engine\include\BlazeEngine\GameSystem\Components\Transform2D.h(23,2): warning C4275: non dll-interface class 'Blaze::Transform' used as base for dll-interface class 'Blaze::Transform2D' (compiling source file assets\source\Scene.cpp)
C:\Programming\Projects\BlazeEngine\BlazeEngine\engine\include\BlazeEngine\GameSystem\Components\Transform.h(7): message : see declaration of 'Blaze::Transform' (compiling source file assets\source\Scene.cpp)
C:\Programming\Projects\BlazeEngine\BlazeEngine\engine\include\BlazeEngine\GameSystem\Components\Transform2D.h(22): message : see declaration of 'Blaze::Transform2D' (compiling source file assets\source\Scene.cpp)
C:\Programming\Projects\BlazeEngine\BlazeEngine\engine\include\BlazeEngine\GameSystem\Components\Transform2D.h(27,14): warning C4251: 'Blaze::Transform2D::pivot': struct 'Blaze::Vec2<float>' needs to have dll-interface to be used by clients of class 'Blaze::Transform2D' (compiling source file assets\source\Controller.cpp)
C:\Programming\Projects\BlazeEngine\BlazeEngine\engine\include\BlazeEngine\DataStructures\Vector.h(68): message : see declaration of 'Blaze::Vec2<float>' (compiling source file assets\source\Controller.cpp)
C:\Programming\Projects\BlazeEngine\BlazeEngine\engine\include\BlazeEngine\GameSystem\ECS\System.h(197,1): warning C4099: 'Blaze::BaseSystem::Array<T>': type name first seen using 'struct' now seen using 'class' (compiling source file assets\source\Source.cpp)
C:\Programming\Projects\BlazeEngine\BlazeEngine\engine\include\BlazeEngine\GameSystem\ECS\System.h(197): message : see reference to class template instantiation 'Blaze::BaseSystem::Array<T>::Iterator' being compiled (compiling source file assets\source\Source.cpp)
C:\Programming\Projects\BlazeEngine\BlazeEngine\engine\include\BlazeEngine\GameSystem\Components\Transform2D.h(28,14): warning C4251: 'Blaze::Transform2D::scale': struct 'Blaze::Vec2<float>' needs to have dll-interface to be used by clients of class 'Blaze::Transform2D' (compiling source file assets\source\Controller.cpp)
C:\Programming\Projects\BlazeEngine\BlazeEngine\engine\include\BlazeEngine\DataStructures\Vector.h(68): message : see declaration of 'Blaze::Vec2<float>' (compiling source file assets\source\Controller.cpp)
C:\Programming\Projects\BlazeEngine\BlazeEngine\engine\include\BlazeEngine\GameSystem\ECS\System.h(237): message : see reference to class template instantiation 'Blaze::BaseSystem::Array<T>' being compiled (compiling source file assets\source\Source.cpp)
C:\Programming\Projects\BlazeEngine\BlazeEngine\engine\include\BlazeEngine\GameSystem\Components\Transform2D.h(25,13): warning C4251: 'Blaze::Transform2D::rect': struct 'Blaze::Rect<float>' needs to have dll-interface to be used by clients of class 'Blaze::Transform2D' (compiling source file assets\source\Scene.cpp)
C:\Programming\Projects\BlazeEngine\BlazeEngine\engine\include\BlazeEngine\DataStructures\Rect.h(29): message : see declaration of 'Blaze::Rect<float>' (compiling source file assets\source\Scene.cpp)
C:\Programming\Projects\BlazeEngine\BlazeEngine\engine\include\BlazeEngine\GameSystem\Components\Transform2D.h(27,14): warning C4251: 'Blaze::Transform2D::pivot': struct 'Blaze::Vec2<float>' needs to have dll-interface to be used by clients of class 'Blaze::Transform2D' (compiling source file assets\source\Scene.cpp)
C:\Programming\Projects\BlazeEngine\BlazeEngine\engine\include\BlazeEngine\DataStructures\Vector.h(68): message : see declaration of 'Blaze::Vec2<float>' (compiling source file assets\source\Scene.cpp)
C:\Programming\Projects\BlazeEngine\BlazeEngine\engine\include\BlazeEngine\GameSystem\Components\Transform2D.h(28,14): warning C4251: 'Blaze::Transform2D::scale': struct 'Blaze::Vec2<float>' needs to have dll-interface to be used by clients of class 'Blaze::Transform2D' (compiling source file assets\source\Scene.cpp)
C:\Programming\Projects\BlazeEngine\BlazeEngine\engine\include\BlazeEngine\DataStructures\Vector.h(68): message : see declaration of 'Blaze::Vec2<float>' (compiling source file assets\source\Scene.cpp)
C:\Programming\Projects\BlazeEngine\BlazeEngine\engine\include\BlazeEngine\GameSystem\ECS\System.h(197,1): warning C4099: 'Blaze::BaseSystem::Array<T>': type name first seen using 'struct' now seen using 'class' (compiling source file assets\source\Terrain.cpp)
C:\Programming\Projects\BlazeEngine\BlazeEngine\engine\include\BlazeEngine\GameSystem\ECS\System.h(197): message : see reference to class template instantiation 'Blaze::BaseSystem::Array<T>::Iterator' being compiled (compiling source file assets\source\Terrain.cpp)
C:\Programming\Projects\BlazeEngine\BlazeEngine\engine\include\BlazeEngine\GameSystem\ECS\System.h(237): message : see reference to class template instantiation 'Blaze::BaseSystem::Array<T>' being compiled (compiling source file assets\source\Terrain.cpp)
C:\Programming\Projects\BlazeEngine\BlazeEngine\engine\include\BlazeEngine\GameSystem\Components\Model.h(16,35): warning C4251: 'Blaze::Model::materials': class 'std::vector<Blaze::Material *,std::allocator<Blaze::Material *>>' needs to have dll-interface to be used by clients of class 'Blaze::Model' (compiling source file assets\source\Controller.cpp)
C:\Programming\Projects\BlazeEngine\BlazeEngine\engine\include\BlazeEngine\GameSystem\Components\Model.h(16): message : see declaration of 'std::vector<Blaze::Material *,std::allocator<Blaze::Material *>>' (compiling source file assets\source\Controller.cpp)
C:\Programming\Projects\BlazeEngine\BlazeEngine\engine\include\BlazeEngine\GameSystem\Components\Camera.h(11,25): warning C4251: 'Blaze::Camera::projectionMatrix': struct 'Blaze::Matrix<float,4,4>' needs to have dll-interface to be used by clients of class 'Blaze::Camera' (compiling source file assets\source\Controller.cpp)
C:\Programming\Projects\BlazeEngine\BlazeEngine\engine\include\BlazeEngine\DataStructures\Matrix.h(120): message : see declaration of 'Blaze::Matrix<float,4,4>' (compiling source file assets\source\Controller.cpp)
C:\Programming\Projects\BlazeEngine\BlazeEngine\engine\include\BlazeEngine\GameSystem\Components\Model.h(16,35): warning C4251: 'Blaze::Model::materials': class 'std::vector<Blaze::Material *,std::allocator<Blaze::Material *>>' needs to have dll-interface to be used by clients of class 'Blaze::Model' (compiling source file assets\source\Scene.cpp)
C:\Programming\Projects\BlazeEngine\BlazeEngine\engine\include\BlazeEngine\GameSystem\Components\Model.h(16): message : see declaration of 'std::vector<Blaze::Material *,std::allocator<Blaze::Material *>>' (compiling source file assets\source\Scene.cpp)
C:\Programming\Projects\BlazeEngine\BlazeEngine\engine\include\BlazeEngine\GameSystem\Components\Transform3D.h(13,2): warning C4275: non dll-interface class 'Blaze::Transform' used as base for dll-interface class 'Blaze::Transform3D' (compiling source file assets\source\Source.cpp)
C:\Programming\Projects\BlazeEngine\BlazeEngine\engine\include\BlazeEngine\GameSystem\Components\Transform.h(7): message : see declaration of 'Blaze::Transform' (compiling source file assets\source\Source.cpp)
C:\Programming\Projects\BlazeEngine\BlazeEngine\engine\include\BlazeEngine\GameSystem\Components\Transform3D.h(12): message : see declaration of 'Blaze::Transform3D' (compiling source file assets\source\Source.cpp)
C:\Programming\Projects\BlazeEngine\BlazeEngine\engine\include\BlazeEngine\GameSystem\Components\Transform3D.h(15,12): warning C4251: 'Blaze::Transform3D::pos': struct 'Blaze::Vec3<float>' needs to have dll-interface to be used by clients of class 'Blaze::Transform3D' (compiling source file assets\source\Source.cpp)
C:\Programming\Projects\BlazeEngine\BlazeEngine\engine\include\BlazeEngine\DataStructures\Vector.h(124): message : see declaration of 'Blaze::Vec3<float>' (compiling source file assets\source\Source.cpp)
C:\Programming\Projects\BlazeEngine\BlazeEngine\engine\include\BlazeEngine\GameSystem\Components\Camera.h(11,25): warning C4251: 'Blaze::Camera::projectionMatrix': struct 'Blaze::Matrix<float,4,4>' needs to have dll-interface to be used by clients of class 'Blaze::Camera' (compiling source file assets\source\Scene.cpp)
C:\Programming\Projects\BlazeEngine\BlazeEngine\engine\include\BlazeEngine\DataStructures\Matrix.h(120): message : see declaration of 'Blaze::Matrix<float,4,4>' (compiling source file assets\source\Scene.cpp)
C:\Programming\Projects\BlazeEngine\BlazeEngine\engine\include\BlazeEngine\GameSystem\Components\Transform3D.h(16,14): warning C4251: 'Blaze::Transform3D::scale': struct 'Blaze::Vec3<float>' needs to have dll-interface to be used by clients of class 'Blaze::Transform3D' (compiling source file assets\source\Source.cpp)
C:\Programming\Projects\BlazeEngine\BlazeEngine\engine\include\BlazeEngine\DataStructures\Vector.h(124): message : see declaration of 'Blaze::Vec3<float>' (compiling source file assets\source\Source.cpp)
C:\Programming\Projects\BlazeEngine\BlazeEngine\engine\include\BlazeEngine\GameSystem\Components\Transform3D.h(17,12): warning C4251: 'Blaze::Transform3D::rot': struct 'Blaze::Quat<float>' needs to have dll-interface to be used by clients of class 'Blaze::Transform3D' (compiling source file assets\source\Source.cpp)
C:\Programming\Projects\BlazeEngine\BlazeEngine\engine\include\BlazeEngine\DataStructures\Quaternion.h(102): message : see declaration of 'Blaze::Quat<float>' (compiling source file assets\source\Source.cpp)
C:\Programming\Projects\BlazeEngine\BlazeEngine\engine\include\BlazeEngine\GameSystem\Components\Transform2D.h(23,2): warning C4275: non dll-interface class 'Blaze::Transform' used as base for dll-interface class 'Blaze::Transform2D' (compiling source file assets\source\Source.cpp)
C:\Programming\Projects\BlazeEngine\BlazeEngine\engine\include\BlazeEngine\GameSystem\Components\Transform.h(7): message : see declaration of 'Blaze::Transform' (compiling source file assets\source\Source.cpp)
C:\Programming\Projects\BlazeEngine\BlazeEngine\engine\include\BlazeEngine\GameSystem\Components\Transform2D.h(22): message : see declaration of 'Blaze::Transform2D' (compiling source file assets\source\Source.cpp)
C:\Programming\Projects\BlazeEngine\BlazeEngine\engine\include\BlazeEngine\GameSystem\Components\Transform2D.h(25,13): warning C4251: 'Blaze::Transform2D::rect': struct 'Blaze::Rect<float>' needs to have dll-interface to be used by clients of class 'Blaze::Transform2D' (compiling source file assets\source\Source.cpp)
C:\Programming\Projects\BlazeEngine\BlazeEngine\engine\include\BlazeEngine\DataStructures\Rect.h(29): message : see declaration of 'Blaze::Rect<float>' (compiling source file assets\source\Source.cpp)
C:\Programming\Projects\BlazeEngine\BlazeEngine\engine\include\BlazeEngine\GameSystem\Components\Transform2D.h(27,14): warning C4251: 'Blaze::Transform2D::pivot': struct 'Blaze::Vec2<float>' needs to have dll-interface to be used by clients of class 'Blaze::Transform2D' (compiling source file assets\source\Source.cpp)
C:\Programming\Projects\BlazeEngine\BlazeEngine\engine\include\BlazeEngine\DataStructures\Vector.h(68): message : see declaration of 'Blaze::Vec2<float>' (compiling source file assets\source\Source.cpp)
C:\Programming\Projects\BlazeEngine\BlazeEngine\engine\include\BlazeEngine\GameSystem\Components\Transform2D.h(28,14): warning C4251: 'Blaze::Transform2D::scale': struct 'Blaze::Vec2<float>' needs to have dll-interface to be used by clients of class 'Blaze::Transform2D' (compiling source file assets\source\Source.cpp)
C:\Programming\Projects\BlazeEngine\BlazeEngine\engine\include\BlazeEngine\DataStructures\Vector.h(68): message : see declaration of 'Blaze::Vec2<float>' (compiling source file assets\source\Source.cpp)
C:\Programming\Projects\BlazeEngine\BlazeEngine\engine\include\BlazeEngine\GameSystem\Components\Transform3D.h(13,2): warning C4275: non dll-interface class 'Blaze::Transform' used as base for dll-interface class 'Blaze::Transform3D' (compiling source file assets\source\Terrain.cpp)
C:\Programming\Projects\BlazeEngine\BlazeEngine\engine\include\BlazeEngine\GameSystem\Components\Transform.h(7): message : see declaration of 'Blaze::Transform' (compiling source file assets\source\Terrain.cpp)
C:\Programming\Projects\BlazeEngine\BlazeEngine\engine\include\BlazeEngine\GameSystem\Components\Transform3D.h(12): message : see declaration of 'Blaze::Transform3D' (compiling source file assets\source\Terrain.cpp)
C:\Programming\Projects\BlazeEngine\BlazeEngine\engine\include\BlazeEngine\GameSystem\Components\Transform3D.h(15,12): warning C4251: 'Blaze::Transform3D::pos': struct 'Blaze::Vec3<float>' needs to have dll-interface to be used by clients of class 'Blaze::Transform3D' (compiling source file assets\source\Terrain.cpp)
C:\Programming\Projects\BlazeEngine\BlazeEngine\engine\include\BlazeEngine\DataStructures\Vector.h(124): message : see declaration of 'Blaze::Vec3<float>' (compiling source file assets\source\Terrain.cpp)
C:\Programming\Projects\BlazeEngine\BlazeEngine\engine\include\BlazeEngine\GameSystem\Components\Transform3D.h(16,14): warning C4251: 'Blaze::Transform3D::scale': struct 'Blaze::Vec3<float>' needs to have dll-interface to be used by clients of class 'Blaze::Transform3D' (compiling source file assets\source\Terrain.cpp)
C:\Programming\Projects\BlazeEngine\BlazeEngine\engine\include\BlazeEngine\DataStructures\Vector.h(124): message : see declaration of 'Blaze::Vec3<float>' (compiling source file assets\source\Terrain.cpp)
C:\Programming\Projects\BlazeEngine\BlazeEngine\engine\include\BlazeEngine\GameSystem\Components\Model.h(16,35): warning C4251: 'Blaze::Model::materials': class 'std::vector<Blaze::Material *,std::allocator<Blaze::Material *>>' needs to have dll-interface to be used by clients of class 'Blaze::Model' (compiling source file assets\source\Source.cpp)
C:\Programming\Projects\BlazeEngine\BlazeEngine\engine\include\BlazeEngine\GameSystem\Components\Model.h(16): message : see declaration of 'std::vector<Blaze::Material *,std::allocator<Blaze::Material *>>' (compiling source file assets\source\Source.cpp)
C:\Programming\Projects\BlazeEngine\BlazeEngine\engine\include\BlazeEngine\GameSystem\Components\Transform3D.h(17,12): warning C4251: 'Blaze::Transform3D::rot': struct 'Blaze::Quat<float>' needs to have dll-interface to be used by clients of class 'Blaze::Transform3D' (compiling source file assets\source\Terrain.cpp)
C:\Programming\Projects\BlazeEngine\BlazeEngine\engine\include\BlazeEngine\DataStructures\Quaternion.h(102): message : see declaration of 'Blaze::Quat<float>' (compiling source file assets\source\Terrain.cpp)
C:\Programming\Projects\BlazeEngine\BlazeEngine\engine\include\BlazeEngine\GameSystem\Components\Camera.h(11,25): warning C4251: 'Blaze::Camera::projectionMatrix': struct 'Blaze::Matrix<float,4,4>' needs to have dll-interface to be used by clients of class 'Blaze::Camera' (compiling source file assets\source\Source.cpp)
C:\Programming\Projects\BlazeEngine\BlazeEngine\engine\include\BlazeEngine\DataStructures\Matrix.h(120): message : see declaration of 'Blaze::Matrix<float,4,4>' (compiling source file assets\source\Source.cpp)
C:\Programming\Projects\BlazeEngine\BlazeEngine\engine\include\BlazeEngine\GameSystem\Components\Transform2D.h(23,2): warning C4275: non dll-interface class 'Blaze::Transform' used as base for dll-interface class 'Blaze::Transform2D' (compiling source file assets\source\Terrain.cpp)
C:\Programming\Projects\BlazeEngine\BlazeEngine\engine\include\BlazeEngine\GameSystem\Components\Transform.h(7): message : see declaration of 'Blaze::Transform' (compiling source file assets\source\Terrain.cpp)
C:\Programming\Projects\BlazeEngine\BlazeEngine\engine\include\BlazeEngine\GameSystem\Components\Transform2D.h(22): message : see declaration of 'Blaze::Transform2D' (compiling source file assets\source\Terrain.cpp)
C:\Programming\Projects\BlazeEngine\BlazeEngine\engine\include\BlazeEngine\GameSystem\Components\Transform2D.h(25,13): warning C4251: 'Blaze::Transform2D::rect': struct 'Blaze::Rect<float>' needs to have dll-interface to be used by clients of class 'Blaze::Transform2D' (compiling source file assets\source\Terrain.cpp)
C:\Programming\Projects\BlazeEngine\BlazeEngine\engine\include\BlazeEngine\DataStructures\Rect.h(29): message : see declaration of 'Blaze::Rect<float>' (compiling source file assets\source\Terrain.cpp)
C:\Programming\Projects\BlazeEngine\BlazeEngine\engine\include\BlazeEngine\GameSystem\Components\Transform2D.h(27,14): warning C4251: 'Blaze::Transform2D::pivot': struct 'Blaze::Vec2<float>' needs to have dll-interface to be used by clients of class 'Blaze::Transform2D' (compiling source file assets\source\Terrain.cpp)
C:\Programming\Projects\BlazeEngine\BlazeEngine\engine\include\BlazeEngine\DataStructures\Vector.h(68): message : see declaration of 'Blaze::Vec2<float>' (compiling source file assets\source\Terrain.cpp)
C:\Programming\Projects\BlazeEngine\BlazeEngine\engine\include\BlazeEngine\GameSystem\Components\Transform2D.h(28,14): warning C4251: 'Blaze::Transform2D::scale': struct 'Blaze::Vec2<float>' needs to have dll-interface to be used by clients of class 'Blaze::Transform2D' (compiling source file assets\source\Terrain.cpp)
C:\Programming\Projects\BlazeEngine\BlazeEngine\engine\include\BlazeEngine\DataStructures\Vector.h(68): message : see declaration of 'Blaze::Vec2<float>' (compiling source file assets\source\Terrain.cpp)
C:\Programming\Projects\BlazeEngine\BlazeEngine\engine\include\BlazeEngine\GameSystem\Systems\RenderSystem.h(12,2): warning C4251: 'Blaze::System<Blaze::RenderSystem,Blaze::Camera,Blaze::Model,Blaze::Transform3D>::arrays': class 'std::tuple<Blaze::BaseSystem::Array<Blaze::Camera>,Blaze::BaseSystem::Array<Blaze::Model>,Blaze::BaseSystem::Array<Blaze::Transform3D>>' needs to have dll-interface to be used by clients of class 'Blaze::System<Blaze::RenderSystem,Blaze::Camera,Blaze::Model,Blaze::Transform3D>' (compiling source file assets\source\Controller.cpp)
C:\Programming\Projects\BlazeEngine\BlazeEngine\engine\include\BlazeEngine\GameSystem\ECS\System.h(242): message : see declaration of 'std::tuple<Blaze::BaseSystem::Array<Blaze::Camera>,Blaze::BaseSystem::Array<Blaze::Model>,Blaze::BaseSystem::Array<Blaze::Transform3D>>' (compiling source file assets\source\Controller.cpp)
C:\Programming\Projects\BlazeEngine\BlazeEngine\engine\include\BlazeEngine\GameSystem\Systems\RenderSystem.h(12,2): warning C4251: 'Blaze::System<Blaze::RenderSystem,Blaze::Camera,Blaze::Model,Blaze::Transform3D>::arrays': class 'std::tuple<Blaze::BaseSystem::Array<Blaze::Camera>,Blaze::BaseSystem::Array<Blaze::Model>,Blaze::BaseSystem::Array<Blaze::Transform3D>>' needs to have dll-interface to be used by clients of class 'Blaze::System<Blaze::RenderSystem,Blaze::Camera,Blaze::Model,Blaze::Transform3D>' (compiling source file assets\source\Scene.cpp)
C:\Programming\Projects\BlazeEngine\BlazeEngine\engine\include\BlazeEngine\GameSystem\ECS\System.h(242): message : see declaration of 'std::tuple<Blaze::BaseSystem::Array<Blaze::Camera>,Blaze::BaseSystem::Array<Blaze::Model>,Blaze::BaseSystem::Array<Blaze::Transform3D>>' (compiling source file assets\source\Scene.cpp)
C:\Programming\Projects\BlazeEngine\BlazeEngine\engine\include\BlazeEngine\GameSystem\Components\Model.h(16,35): warning C4251: 'Blaze::Model::materials': class 'std::vector<Blaze::Material *,std::allocator<Blaze::Material *>>' needs to have dll-interface to be used by clients of class 'Blaze::Model' (compiling source file assets\source\Terrain.cpp)
C:\Programming\Projects\BlazeEngine\BlazeEngine\engine\include\BlazeEngine\GameSystem\Components\Model.h(16): message : see declaration of 'std::vector<Blaze::Material *,std::allocator<Blaze::Material *>>' (compiling source file assets\source\Terrain.cpp)
C:\Programming\Projects\BlazeEngine\BlazeEngine\engine\include\BlazeEngine\GameSystem\Components\Camera.h(11,25): warning C4251: 'Blaze::Camera::projectionMatrix': struct 'Blaze::Matrix<float,4,4>' needs to have dll-interface to be used by clients of class 'Blaze::Camera' (compiling source file assets\source\Terrain.cpp)
C:\Programming\Projects\BlazeEngine\BlazeEngine\engine\include\BlazeEngine\DataStructures\Matrix.h(120): message : see declaration of 'Blaze::Matrix<float,4,4>' (compiling source file assets\source\Terrain.cpp)
C:\Programming\Projects\BlazeEngine\BlazeEngine\engine\include\BlazeEngine\GameSystem\Systems\TransformSystem.h(9,2): warning C4251: 'Blaze::System<Blaze::TransformSystem,Blaze::Transform>::arrays': class 'std::tuple<Blaze::BaseSystem::Array<Blaze::Transform>>' needs to have dll-interface to be used by clients of class 'Blaze::System<Blaze::TransformSystem,Blaze::Transform>' (compiling source file assets\source\Controller.cpp)
C:\Programming\Projects\BlazeEngine\BlazeEngine\engine\include\BlazeEngine\GameSystem\ECS\System.h(242): message : see declaration of 'std::tuple<Blaze::BaseSystem::Array<Blaze::Transform>>' (compiling source file assets\source\Controller.cpp)
C:\Programming\Projects\BlazeEngine\BlazeEngine\engine\include\BlazeEngine\GameSystem\Systems\TransformSystem.h(9,2): warning C4251: 'Blaze::System<Blaze::TransformSystem,Blaze::Transform>::arrays': class 'std::tuple<Blaze::BaseSystem::Array<Blaze::Transform>>' needs to have dll-interface to be used by clients of class 'Blaze::System<Blaze::TransformSystem,Blaze::Transform>' (compiling source file assets\source\Scene.cpp)
C:\Programming\Projects\BlazeEngine\BlazeEngine\engine\include\BlazeEngine\GameSystem\ECS\System.h(242): message : see declaration of 'std::tuple<Blaze::BaseSystem::Array<Blaze::Transform>>' (compiling source file assets\source\Scene.cpp)
C:\Programming\Projects\BlazeEngine\Game\assets\source\Controller.cpp(22,23): warning C4244: '+=': conversion from 'double' to 'T', possible loss of data
          with
          [
              T=float
          ]
C:\Programming\Projects\BlazeEngine\Game\assets\source\Controller.cpp(23,23): warning C4244: '+=': conversion from 'double' to 'T', possible loss of data
          with
          [
              T=float
          ]
C:\Programming\Projects\BlazeEngine\Game\assets\source\Terrain.h(53): warning C4091: 'inline static ': ignored on left of 'Terrain::Vertex' when no variable is declared (compiling source file assets\source\Scene.cpp)
C:\Programming\Projects\BlazeEngine\BlazeEngine\engine\include\BlazeEngine\GameSystem\Systems\RenderSystem.h(12,2): warning C4251: 'Blaze::System<Blaze::RenderSystem,Blaze::Camera,Blaze::Model,Blaze::Transform3D>::arrays': class 'std::tuple<Blaze::BaseSystem::Array<Blaze::Camera>,Blaze::BaseSystem::Array<Blaze::Model>,Blaze::BaseSystem::Array<Blaze::Transform3D>>' needs to have dll-interface to be used by clients of class 'Blaze::System<Blaze::RenderSystem,Blaze::Camera,Blaze::Model,Blaze::Transform3D>' (compiling source file assets\source\Source.cpp)
C:\Programming\Projects\BlazeEngine\BlazeEngine\engine\include\BlazeEngine\GameSystem\ECS\System.h(242): message : see declaration of 'std::tuple<Blaze::BaseSystem::Array<Blaze::Camera>,Blaze::BaseSystem::Array<Blaze::Model>,Blaze::BaseSystem::Array<Blaze::Transform3D>>' (compiling source file assets\source\Source.cpp)
C:\Programming\Projects\BlazeEngine\Game\assets\source\Scene.cpp(28,104): warning C4305: 'argument': truncation from 'double' to 'const T'
          with
          [
              T=float
          ]
C:\Programming\Projects\BlazeEngine\BlazeEngine\engine\include\BlazeEngine\GameSystem\Systems\TransformSystem.h(9,2): warning C4251: 'Blaze::System<Blaze::TransformSystem,Blaze::Transform>::arrays': class 'std::tuple<Blaze::BaseSystem::Array<Blaze::Transform>>' needs to have dll-interface to be used by clients of class 'Blaze::System<Blaze::TransformSystem,Blaze::Transform>' (compiling source file assets\source\Source.cpp)
C:\Programming\Projects\BlazeEngine\BlazeEngine\engine\include\BlazeEngine\GameSystem\ECS\System.h(242): message : see declaration of 'std::tuple<Blaze::BaseSystem::Array<Blaze::Transform>>' (compiling source file assets\source\Source.cpp)
C:\Programming\Projects\BlazeEngine\BlazeEngine\engine\include\BlazeEngine\GameSystem\Systems\RenderSystem.h(12,2): warning C4251: 'Blaze::System<Blaze::RenderSystem,Blaze::Camera,Blaze::Model,Blaze::Transform3D>::arrays': class 'std::tuple<Blaze::BaseSystem::Array<Blaze::Camera>,Blaze::BaseSystem::Array<Blaze::Model>,Blaze::BaseSystem::Array<Blaze::Transform3D>>' needs to have dll-interface to be used by clients of class 'Blaze::System<Blaze::RenderSystem,Blaze::Camera,Blaze::Model,Blaze::Transform3D>' (compiling source file assets\source\Terrain.cpp)
C:\Programming\Projects\BlazeEngine\BlazeEngine\engine\include\BlazeEngine\GameSystem\ECS\System.h(242): message : see declaration of 'std::tuple<Blaze::BaseSystem::Array<Blaze::Camera>,Blaze::BaseSystem::Array<Blaze::Model>,Blaze::BaseSystem::Array<Blaze::Transform3D>>' (compiling source file assets\source\Terrain.cpp)
C:\Programming\Projects\BlazeEngine\Game\assets\source\Terrain.h(53): warning C4091: 'inline static ': ignored on left of 'Terrain::Vertex' when no variable is declared (compiling source file assets\source\Source.cpp)
C:\Programming\Projects\BlazeEngine\Game\assets\source\Source.cpp(50,24): warning C4244: 'argument': conversion from 'double' to 'float', possible loss of data
C:\Programming\Projects\BlazeEngine\BlazeEngine\engine\include\BlazeEngine\GameSystem\Systems\TransformSystem.h(9,2): warning C4251: 'Blaze::System<Blaze::TransformSystem,Blaze::Transform>::arrays': class 'std::tuple<Blaze::BaseSystem::Array<Blaze::Transform>>' needs to have dll-interface to be used by clients of class 'Blaze::System<Blaze::TransformSystem,Blaze::Transform>' (compiling source file assets\source\Terrain.cpp)
C:\Programming\Projects\BlazeEngine\BlazeEngine\engine\include\BlazeEngine\GameSystem\ECS\System.h(242): message : see declaration of 'std::tuple<Blaze::BaseSystem::Array<Blaze::Transform>>' (compiling source file assets\source\Terrain.cpp)
C:\Programming\Projects\BlazeEngine\Game\assets\source\Terrain.h(53): warning C4091: 'inline static ': ignored on left of 'Terrain::Vertex' when no variable is declared (compiling source file assets\source\Terrain.cpp)
C:\Programming\Projects\BlazeEngine\Game\assets\source\Terrain.cpp(110,23): warning C4018: '<': signed/unsigned mismatch
C:\Programming\Projects\BlazeEngine\Game\assets\source\Terrain.cpp(111,24): warning C4018: '<': signed/unsigned mismatch
C:\Programming\Projects\BlazeEngine\Game\assets\source\Terrain.cpp(118,66): warning C4267: 'argument': conversion from 'size_t' to 'unsigned int', possible loss of data
C:\Programming\Projects\BlazeEngine\BlazeEngine\engine\include\BlazeEngine\Math\Math.h(43,14): warning C4244: 'return': conversion from 'double' to 'T', possible loss of data
          with
          [
              T=float
          ] (compiling source file assets\source\Controller.cpp)
C:\Programming\Projects\BlazeEngine\BlazeEngine\engine\include\BlazeEngine\DataStructures\Quaternion.h(34): message : see reference to function template instantiation 'T Blaze::Math::Sin<T>(const T &)' being compiled
          with
          [
              T=float
          ] (compiling source file assets\source\Controller.cpp)
C:\Programming\Projects\BlazeEngine\BlazeEngine\engine\include\BlazeEngine\DataStructures\Quaternion.h(32): message : while compiling class template member function 'Blaze::Quat<float>::Quat(const Blaze::AxisAngle<float> &)' (compiling source file assets\source\Controller.cpp)
C:\Programming\Projects\BlazeEngine\Game\assets\source\Controller.cpp(24): message : see reference to function template instantiation 'Blaze::Quat<float>::Quat(const Blaze::AxisAngle<float> &)' being compiled
C:\Programming\Projects\BlazeEngine\BlazeEngine\engine\include\BlazeEngine\GameSystem\Components\Transform3D.h(17): message : see reference to class template instantiation 'Blaze::Quat<float>' being compiled (compiling source file assets\source\Controller.cpp)
C:\Programming\Projects\BlazeEngine\BlazeEngine\engine\include\BlazeEngine\Math\Math.h(53,14): warning C4244: 'return': conversion from 'double' to 'T', possible loss of data
          with
          [
              T=float
          ] (compiling source file assets\source\Controller.cpp)
C:\Programming\Projects\BlazeEngine\BlazeEngine\engine\include\BlazeEngine\DataStructures\Quaternion.h(35): message : see reference to function template instantiation 'T Blaze::Math::Cos<T>(const T &)' being compiled
          with
          [
              T=float
          ] (compiling source file assets\source\Controller.cpp)
C:\Programming\Projects\BlazeEngine\BlazeEngine\engine\include\BlazeEngine\Math\Math.h(33,14): warning C4244: 'return': conversion from 'double' to 'T', possible loss of data
          with
          [
              T=float
          ] (compiling source file assets\source\Scene.cpp)
C:\Programming\Projects\BlazeEngine\BlazeEngine\engine\include\BlazeEngine\Math\Math.h(96): message : see reference to function template instantiation 'T Blaze::Math::Tan<T>(const T &)' being compiled
          with
          [
              T=float
          ] (compiling source file assets\source\Scene.cpp)
C:\Programming\Projects\BlazeEngine\Game\assets\source\Scene.cpp(28): message : see reference to function template instantiation 'Blaze::Matrix<float,4,4> Blaze::Math::PerspectiveMatrix<float>(const T &,const T &,const T &,const T &)' being compiled
          with
          [
              T=float
          ]
C:\Programming\Projects\BlazeEngine\Game\assets\source\Terrain.cpp(32): warning C4715: 'Terrain::GetChunkTriangleCount': not all control paths return a value
C:\Programming\Projects\BlazeEngine\Game\assets\source\Terrain.cpp(22): warning C4715: 'Terrain::GetChunkVertexCount': not all control paths return a value
C:\Programming\Projects\BlazeEngine\Game\assets\source\Terrain.cpp(12): warning C4715: 'Terrain::GetChunkVertexWidth': not all control paths return a value
  Game.vcxproj -> C:\Programming\Projects\BlazeEngine\Game\build\Debug\x64\Game.exe
  C:\Programming\Projects\BlazeEngine\BlazeEngine\build\bin\Debug\x64\BlazeEngine.dll
  1 File(s) copied
  C:\Programming\Projects\BlazeEngine\BlazeEngine\build\bin\Debug\x64\SDL2.dll
  1 File(s) copied
  C:\Programming\Projects\BlazeEngine\BlazeEngine\build\bin\Debug\x64\DevIL.dll
  1 File(s) copied
  C:\Programming\Projects\BlazeEngine\BlazeEngine\build\bin\Debug\x64\ILU.dll
  1 File(s) copied
  C:\Programming\Projects\BlazeEngine\BlazeEngine\build\bin\Debug\x64\BlazeEngine.dll
  1 File(s) copied
  C:\Programming\Projects\BlazeEngine\BlazeEngine\build\bin\Debug\x64\SDL2.dll
  1 File(s) copied
  C:\Programming\Projects\BlazeEngine\BlazeEngine\build\bin\Debug\x64\DevIL.dll
  1 File(s) copied
  C:\Programming\Projects\BlazeEngine\BlazeEngine\build\bin\Debug\x64\ILU.dll
  1 File(s) copied
  C:\Programming\Projects\BlazeEngine\BlazeEngine\engine\assets\default\default.png
  C:\Programming\Projects\BlazeEngine\BlazeEngine\engine\assets\default\fragmentDiffuse.glsl
  C:\Programming\Projects\BlazeEngine\BlazeEngine\engine\assets\default\logo.png
  C:\Programming\Projects\BlazeEngine\BlazeEngine\engine\assets\default\vertexDiffuse.glsl
  C:\Programming\Projects\BlazeEngine\BlazeEngine\engine\assets\default\cubemap\cubemap_column.png
  C:\Programming\Projects\BlazeEngine\BlazeEngine\engine\assets\default\cubemap\cubemap_horizontal_cross.png
  C:\Programming\Projects\BlazeEngine\BlazeEngine\engine\assets\default\cubemap\cubemap_row.png
  C:\Programming\Projects\BlazeEngine\BlazeEngine\engine\assets\default\cubemap\cubemap_vertical_cross.png
  8 File(s) copied
  C:\Programming\Projects\BlazeEngine\Game\assets\default\default.png
  C:\Programming\Projects\BlazeEngine\Game\assets\default\fragmentDiffuse.glsl
  C:\Programming\Projects\BlazeEngine\Game\assets\default\logo.png
  C:\Programming\Projects\BlazeEngine\Game\assets\default\vertexDiffuse.glsl
  C:\Programming\Projects\BlazeEngine\Game\assets\default\cubemap\cubemap_column.png
  C:\Programming\Projects\BlazeEngine\Game\assets\default\cubemap\cubemap_horizontal_cross.png
  C:\Programming\Projects\BlazeEngine\Game\assets\default\cubemap\cubemap_row.png
  C:\Programming\Projects\BlazeEngine\Game\assets\default\cubemap\cubemap_vertical_cross.png
  C:\Programming\Projects\BlazeEngine\Game\assets\shaders\terrainFragment.glsl
  C:\Programming\Projects\BlazeEngine\Game\assets\shaders\terrainVertex.glsl
  C:\Programming\Projects\BlazeEngine\Game\assets\source\Controller.cpp
  C:\Programming\Projects\BlazeEngine\Game\assets\source\Controller.h
  C:\Programming\Projects\BlazeEngine\Game\assets\source\Scene.cpp
  C:\Programming\Projects\BlazeEngine\Game\assets\source\Scene.h
  C:\Programming\Projects\BlazeEngine\Game\assets\source\Source.cpp
  C:\Programming\Projects\BlazeEngine\Game\assets\source\Terrain.cpp
  C:\Programming\Projects\BlazeEngine\Game\assets\source\Terrain.h
  17 File(s) copied
  C:\Programming\Projects\BlazeEngine\Game\build\Debug\x64\Game.exe
  1 File(s) copied
